{"/Users/vikgamov/projects/ai/robocoders-jfokus-2026-kiro/src/components/App.module.css": {"path":"/Users/vikgamov/projects/ai/robocoders-jfokus-2026-kiro/src/components/App.module.css","statementMap":{},"fnMap":{},"branchMap":{},"s":{},"f":{},"b":{},"meta":{"lastBranch":0,"lastFunction":0,"lastStatement":0,"seen":{}}}
,"/Users/vikgamov/projects/ai/robocoders-jfokus-2026-kiro/src/components/App.tsx": {"path":"/Users/vikgamov/projects/ai/robocoders-jfokus-2026-kiro/src/components/App.tsx","statementMap":{"0":{"start":{"line":47,"column":6},"end":{"line":74,"column":null}},"1":{"start":{"line":48,"column":17},"end":{"line":48,"column":42}},"2":{"start":{"line":50,"column":2},"end":{"line":74,"column":null}},"3":{"start":{"line":79,"column":2},"end":{"line":242,"column":null}},"4":{"start":{"line":81,"column":6},"end":{"line":84,"column":null}},"5":{"start":{"line":87,"column":6},"end":{"line":90,"column":null}},"6":{"start":{"line":93,"column":6},"end":{"line":100,"column":null}},"7":{"start":{"line":103,"column":6},"end":{"line":115,"column":null}},"8":{"start":{"line":118,"column":6},"end":{"line":130,"column":null}},"9":{"start":{"line":133,"column":6},"end":{"line":140,"column":null}},"10":{"start":{"line":143,"column":6},"end":{"line":150,"column":null}},"11":{"start":{"line":153,"column":6},"end":{"line":160,"column":null}},"12":{"start":{"line":163,"column":6},"end":{"line":171,"column":null}},"13":{"start":{"line":174,"column":6},"end":{"line":181,"column":null}},"14":{"start":{"line":184,"column":6},"end":{"line":191,"column":null}},"15":{"start":{"line":194,"column":6},"end":{"line":203,"column":null}},"16":{"start":{"line":206,"column":6},"end":{"line":212,"column":null}},"17":{"start":{"line":215,"column":6},"end":{"line":221,"column":null}},"18":{"start":{"line":224,"column":6},"end":{"line":230,"column":null}},"19":{"start":{"line":233,"column":6},"end":{"line":239,"column":null}},"20":{"start":{"line":242,"column":6},"end":{"line":242,"column":null}},"21":{"start":{"line":248,"column":8},"end":{"line":248,"column":69}},"22":{"start":{"line":249,"column":8},"end":{"line":249,"column":71}},"23":{"start":{"line":250,"column":8},"end":{"line":250,"column":72}},"24":{"start":{"line":251,"column":8},"end":{"line":251,"column":67}},"25":{"start":{"line":254,"column":16},"end":{"line":257,"column":null}},"26":{"start":{"line":261,"column":2},"end":{"line":263,"column":null}},"27":{"start":{"line":262,"column":4},"end":{"line":262,"column":null}},"28":{"start":{"line":269,"column":2},"end":{"line":296,"column":null}},"29":{"start":{"line":270,"column":26},"end":{"line":283,"column":null}},"30":{"start":{"line":271,"column":6},"end":{"line":271,"column":null}},"31":{"start":{"line":273,"column":6},"end":{"line":283,"column":null}},"32":{"start":{"line":275,"column":8},"end":{"line":275,"column":null}},"33":{"start":{"line":278,"column":8},"end":{"line":278,"column":null}},"34":{"start":{"line":280,"column":8},"end":{"line":280,"column":null}},"35":{"start":{"line":282,"column":8},"end":{"line":282,"column":null}},"36":{"start":{"line":283,"column":8},"end":{"line":283,"column":null}},"37":{"start":{"line":287,"column":4},"end":{"line":287,"column":null}},"38":{"start":{"line":290,"column":4},"end":{"line":293,"column":null}},"39":{"start":{"line":291,"column":6},"end":{"line":291,"column":null}},"40":{"start":{"line":292,"column":6},"end":{"line":293,"column":null}},"41":{"start":{"line":293,"column":8},"end":{"line":293,"column":null}},"42":{"start":{"line":302,"column":27},"end":{"line":338,"column":null}},"43":{"start":{"line":303,"column":4},"end":{"line":303,"column":null}},"44":{"start":{"line":305,"column":4},"end":{"line":338,"column":null}},"45":{"start":{"line":307,"column":22},"end":{"line":307,"column":74}},"46":{"start":{"line":310,"column":35},"end":{"line":311,"column":null}},"47":{"start":{"line":314,"column":6},"end":{"line":330,"column":null}},"48":{"start":{"line":315,"column":8},"end":{"line":319,"column":null}},"49":{"start":{"line":322,"column":8},"end":{"line":322,"column":null}},"50":{"start":{"line":325,"column":8},"end":{"line":328,"column":null}},"51":{"start":{"line":330,"column":8},"end":{"line":330,"column":null}},"52":{"start":{"line":333,"column":6},"end":{"line":336,"column":null}},"53":{"start":{"line":338,"column":6},"end":{"line":338,"column":null}},"54":{"start":{"line":346,"column":8},"end":{"line":350,"column":null}},"55":{"start":{"line":347,"column":4},"end":{"line":350,"column":null}},"56":{"start":{"line":357,"column":29},"end":{"line":381,"column":null}},"57":{"start":{"line":358,"column":4},"end":{"line":381,"column":null}},"58":{"start":{"line":360,"column":20},"end":{"line":364,"column":8}},"59":{"start":{"line":367,"column":12},"end":{"line":370,"column":null}},"60":{"start":{"line":373,"column":6},"end":{"line":378,"column":null}},"61":{"start":{"line":375,"column":8},"end":{"line":375,"column":null}},"62":{"start":{"line":378,"column":8},"end":{"line":378,"column":null}},"63":{"start":{"line":381,"column":6},"end":{"line":381,"column":null}},"64":{"start":{"line":389,"column":26},"end":{"line":421,"column":null}},"65":{"start":{"line":390,"column":4},"end":{"line":391,"column":null}},"66":{"start":{"line":391,"column":6},"end":{"line":391,"column":null}},"67":{"start":{"line":394,"column":4},"end":{"line":421,"column":null}},"68":{"start":{"line":395,"column":35},"end":{"line":395,"column":84}},"69":{"start":{"line":397,"column":6},"end":{"line":413,"column":null}},"70":{"start":{"line":398,"column":8},"end":{"line":401,"column":null}},"71":{"start":{"line":404,"column":8},"end":{"line":407,"column":null}},"72":{"start":{"line":409,"column":8},"end":{"line":409,"column":null}},"73":{"start":{"line":412,"column":8},"end":{"line":413,"column":null}},"74":{"start":{"line":413,"column":10},"end":{"line":413,"column":null}},"75":{"start":{"line":417,"column":6},"end":{"line":417,"column":null}},"76":{"start":{"line":418,"column":6},"end":{"line":421,"column":null}},"77":{"start":{"line":429,"column":29},"end":{"line":451,"column":null}},"78":{"start":{"line":430,"column":4},"end":{"line":431,"column":null}},"79":{"start":{"line":431,"column":6},"end":{"line":431,"column":null}},"80":{"start":{"line":434,"column":4},"end":{"line":434,"column":null}},"81":{"start":{"line":436,"column":4},"end":{"line":451,"column":null}},"82":{"start":{"line":437,"column":26},"end":{"line":437,"column":76}},"83":{"start":{"line":439,"column":6},"end":{"line":446,"column":null}},"84":{"start":{"line":440,"column":8},"end":{"line":440,"column":null}},"85":{"start":{"line":442,"column":8},"end":{"line":442,"column":null}},"86":{"start":{"line":445,"column":8},"end":{"line":446,"column":null}},"87":{"start":{"line":446,"column":10},"end":{"line":446,"column":null}},"88":{"start":{"line":450,"column":6},"end":{"line":450,"column":null}},"89":{"start":{"line":451,"column":6},"end":{"line":451,"column":null}},"90":{"start":{"line":459,"column":8},"end":{"line":465,"column":8}},"91":{"start":{"line":461,"column":4},"end":{"line":461,"column":null}},"92":{"start":{"line":464,"column":4},"end":{"line":464,"column":null}},"93":{"start":{"line":471,"column":8},"end":{"line":473,"column":37}},"94":{"start":{"line":472,"column":4},"end":{"line":472,"column":null}},"95":{"start":{"line":476,"column":23},"end":{"line":476,"column":null}},"96":{"start":{"line":478,"column":2},"end":{"line":553,"column":null}}},"fnMap":{"0":{"name":"(anonymous_0)","decl":{"start":{"line":47,"column":6},"end":{"line":47,"column":28}},"loc":{"start":{"line":47,"column":71},"end":{"line":74,"column":null}},"line":47},"1":{"name":"appReducer","decl":{"start":{"line":78,"column":9},"end":{"line":78,"column":20}},"loc":{"start":{"line":78,"column":66},"end":{"line":242,"column":null}},"line":78},"2":{"name":"App","decl":{"start":{"line":246,"column":16},"end":{"line":246,"column":22}},"loc":{"start":{"line":246,"column":22},"end":{"line":553,"column":null}},"line":246},"3":{"name":"(anonymous_3)","decl":{"start":{"line":261,"column":2},"end":{"line":261,"column":18}},"loc":{"start":{"line":261,"column":18},"end":{"line":263,"column":6}},"line":261},"4":{"name":"(anonymous_4)","decl":{"start":{"line":269,"column":2},"end":{"line":269,"column":18}},"loc":{"start":{"line":269,"column":18},"end":{"line":296,"column":7}},"line":269},"5":{"name":"(anonymous_5)","decl":{"start":{"line":270,"column":26},"end":{"line":270,"column":38}},"loc":{"start":{"line":270,"column":38},"end":{"line":283,"column":null}},"line":270},"6":{"name":"(anonymous_6)","decl":{"start":{"line":290,"column":4},"end":{"line":290,"column":17}},"loc":{"start":{"line":290,"column":17},"end":{"line":293,"column":null}},"line":290},"7":{"name":"(anonymous_7)","decl":{"start":{"line":302,"column":27},"end":{"line":302,"column":39}},"loc":{"start":{"line":302,"column":39},"end":{"line":338,"column":null}},"line":302},"8":{"name":"(anonymous_8)","decl":{"start":{"line":346,"column":8},"end":{"line":346,"column":34}},"loc":{"start":{"line":346,"column":34},"end":{"line":350,"column":null}},"line":346},"9":{"name":"(anonymous_9)","decl":{"start":{"line":357,"column":29},"end":{"line":357,"column":36}},"loc":{"start":{"line":357,"column":61},"end":{"line":381,"column":null}},"line":357},"10":{"name":"(anonymous_10)","decl":{"start":{"line":389,"column":26},"end":{"line":389,"column":33}},"loc":{"start":{"line":389,"column":48},"end":{"line":421,"column":null}},"line":389},"11":{"name":"(anonymous_11)","decl":{"start":{"line":429,"column":29},"end":{"line":429,"column":41}},"loc":{"start":{"line":429,"column":41},"end":{"line":451,"column":null}},"line":429},"12":{"name":"(anonymous_12)","decl":{"start":{"line":459,"column":46},"end":{"line":459,"column":53}},"loc":{"start":{"line":459,"column":68},"end":{"line":465,"column":7}},"line":459},"13":{"name":"(anonymous_13)","decl":{"start":{"line":471,"column":44},"end":{"line":471,"column":56}},"loc":{"start":{"line":471,"column":56},"end":{"line":473,"column":6}},"line":471}},"branchMap":{"0":{"loc":{"start":{"line":79,"column":2},"end":{"line":242,"column":null}},"type":"switch","locations":[{"start":{"line":80,"column":4},"end":{"line":84,"column":null}},{"start":{"line":86,"column":4},"end":{"line":90,"column":null}},{"start":{"line":92,"column":4},"end":{"line":100,"column":null}},{"start":{"line":102,"column":4},"end":{"line":115,"column":null}},{"start":{"line":117,"column":4},"end":{"line":130,"column":null}},{"start":{"line":132,"column":4},"end":{"line":140,"column":null}},{"start":{"line":142,"column":4},"end":{"line":150,"column":null}},{"start":{"line":152,"column":4},"end":{"line":160,"column":null}},{"start":{"line":162,"column":4},"end":{"line":171,"column":null}},{"start":{"line":173,"column":4},"end":{"line":181,"column":null}},{"start":{"line":183,"column":4},"end":{"line":191,"column":null}},{"start":{"line":193,"column":4},"end":{"line":203,"column":null}},{"start":{"line":205,"column":4},"end":{"line":212,"column":null}},{"start":{"line":214,"column":4},"end":{"line":221,"column":null}},{"start":{"line":223,"column":4},"end":{"line":230,"column":null}},{"start":{"line":232,"column":4},"end":{"line":239,"column":null}},{"start":{"line":241,"column":4},"end":{"line":242,"column":null}}],"line":79},"1":{"loc":{"start":{"line":292,"column":6},"end":{"line":293,"column":null}},"type":"if","locations":[{"start":{"line":292,"column":6},"end":{"line":293,"column":null}},{"start":{},"end":{}}],"line":292},"2":{"loc":{"start":{"line":314,"column":6},"end":{"line":330,"column":null}},"type":"if","locations":[{"start":{"line":314,"column":6},"end":{"line":330,"column":null}},{"start":{"line":323,"column":13},"end":{"line":330,"column":null}}],"line":314},"3":{"loc":{"start":{"line":373,"column":6},"end":{"line":378,"column":null}},"type":"if","locations":[{"start":{"line":373,"column":6},"end":{"line":378,"column":null}},{"start":{},"end":{}}],"line":373},"4":{"loc":{"start":{"line":390,"column":4},"end":{"line":391,"column":null}},"type":"if","locations":[{"start":{"line":390,"column":4},"end":{"line":391,"column":null}},{"start":{},"end":{}}],"line":390},"5":{"loc":{"start":{"line":397,"column":6},"end":{"line":413,"column":null}},"type":"if","locations":[{"start":{"line":397,"column":6},"end":{"line":413,"column":null}},{"start":{"line":402,"column":13},"end":{"line":413,"column":null}}],"line":397},"6":{"loc":{"start":{"line":412,"column":8},"end":{"line":413,"column":null}},"type":"if","locations":[{"start":{"line":412,"column":8},"end":{"line":413,"column":null}},{"start":{},"end":{}}],"line":412},"7":{"loc":{"start":{"line":430,"column":4},"end":{"line":431,"column":null}},"type":"if","locations":[{"start":{"line":430,"column":4},"end":{"line":431,"column":null}},{"start":{},"end":{}}],"line":430},"8":{"loc":{"start":{"line":439,"column":6},"end":{"line":446,"column":null}},"type":"if","locations":[{"start":{"line":439,"column":6},"end":{"line":446,"column":null}},{"start":{"line":441,"column":13},"end":{"line":446,"column":null}}],"line":439},"9":{"loc":{"start":{"line":445,"column":8},"end":{"line":446,"column":null}},"type":"if","locations":[{"start":{"line":445,"column":8},"end":{"line":446,"column":null}},{"start":{},"end":{}}],"line":445},"10":{"loc":{"start":{"line":485,"column":48},"end":{"line":485,"column":null}},"type":"cond-expr","locations":[{"start":{"line":485,"column":63},"end":{"line":485,"column":83}},{"start":{"line":485,"column":83},"end":{"line":485,"column":null}}],"line":485},"11":{"loc":{"start":{"line":489,"column":13},"end":{"line":489,"column":null}},"type":"cond-expr","locations":[{"start":{"line":489,"column":28},"end":{"line":489,"column":35}},{"start":{"line":489,"column":35},"end":{"line":489,"column":null}}],"line":489},"12":{"loc":{"start":{"line":492,"column":13},"end":{"line":492,"column":null}},"type":"cond-expr","locations":[{"start":{"line":492,"column":28},"end":{"line":492,"column":44}},{"start":{"line":492,"column":44},"end":{"line":492,"column":null}}],"line":492},"13":{"loc":{"start":{"line":500,"column":28},"end":{"line":500,"column":71}},"type":"cond-expr","locations":[{"start":{"line":500,"column":54},"end":{"line":500,"column":62}},{"start":{"line":500,"column":62},"end":{"line":500,"column":71}}],"line":500},"14":{"loc":{"start":{"line":520,"column":9},"end":{"line":526,"column":null}},"type":"binary-expr","locations":[{"start":{"line":520,"column":9},"end":{"line":520,"column":null}},{"start":{"line":521,"column":10},"end":{"line":526,"column":null}}],"line":520},"15":{"loc":{"start":{"line":530,"column":9},"end":{"line":543,"column":null}},"type":"binary-expr","locations":[{"start":{"line":530,"column":9},"end":{"line":530,"column":null}},{"start":{"line":531,"column":10},"end":{"line":543,"column":null}}],"line":530},"16":{"loc":{"start":{"line":546,"column":9},"end":{"line":549,"column":null}},"type":"binary-expr","locations":[{"start":{"line":546,"column":9},"end":{"line":546,"column":null}},{"start":{"line":547,"column":10},"end":{"line":549,"column":null}}],"line":546}},"s":{"0":1,"1":20,"2":20,"3":106,"4":20,"5":15,"6":22,"7":6,"8":11,"9":0,"10":1,"11":15,"12":3,"13":12,"14":0,"15":1,"16":0,"17":0,"18":0,"19":0,"20":0,"21":61,"22":61,"23":61,"24":61,"25":61,"26":61,"27":20,"28":61,"29":20,"30":20,"31":20,"32":20,"33":20,"34":20,"35":0,"36":0,"37":20,"38":20,"39":20,"40":20,"41":20,"42":61,"43":22,"44":22,"45":22,"46":22,"47":22,"48":7,"49":7,"50":15,"51":15,"52":0,"53":0,"54":61,"55":7,"56":61,"57":0,"58":0,"59":0,"60":0,"61":0,"62":0,"63":0,"64":61,"65":1,"66":0,"67":1,"68":1,"69":1,"70":1,"71":0,"72":0,"73":0,"74":0,"75":0,"76":0,"77":61,"78":20,"79":0,"80":20,"81":20,"82":20,"83":20,"84":3,"85":17,"86":17,"87":17,"88":0,"89":0,"90":61,"91":1,"92":1,"93":61,"94":2,"95":61,"96":61},"f":{"0":20,"1":106,"2":61,"3":20,"4":20,"5":20,"6":20,"7":22,"8":7,"9":0,"10":1,"11":20,"12":1,"13":2},"b":{"0":[20,15,22,6,11,0,1,15,3,12,0,1,0,0,0,0,0],"1":[20,0],"2":[7,15],"3":[0,0],"4":[0,1],"5":[1,0],"6":[0,0],"7":[0,20],"8":[3,17],"9":[17,0],"10":[15,46],"11":[15,46],"12":[15,46],"13":[40,21],"14":[61,15],"15":[61,13],"16":[61,0]},"meta":{"lastBranch":17,"lastFunction":14,"lastStatement":97,"seen":{"s:47:6:74:Infinity":0,"f:47:6:47:28":0,"s:48:17:48:42":1,"s:50:2:74:Infinity":2,"f:78:9:78:20":1,"b:80:4:84:Infinity:86:4:90:Infinity:92:4:100:Infinity:102:4:115:Infinity:117:4:130:Infinity:132:4:140:Infinity:142:4:150:Infinity:152:4:160:Infinity:162:4:171:Infinity:173:4:181:Infinity:183:4:191:Infinity:193:4:203:Infinity:205:4:212:Infinity:214:4:221:Infinity:223:4:230:Infinity:232:4:239:Infinity:241:4:242:Infinity":0,"s:79:2:242:Infinity":3,"s:81:6:84:Infinity":4,"s:87:6:90:Infinity":5,"s:93:6:100:Infinity":6,"s:103:6:115:Infinity":7,"s:118:6:130:Infinity":8,"s:133:6:140:Infinity":9,"s:143:6:150:Infinity":10,"s:153:6:160:Infinity":11,"s:163:6:171:Infinity":12,"s:174:6:181:Infinity":13,"s:184:6:191:Infinity":14,"s:194:6:203:Infinity":15,"s:206:6:212:Infinity":16,"s:215:6:221:Infinity":17,"s:224:6:230:Infinity":18,"s:233:6:239:Infinity":19,"s:242:6:242:Infinity":20,"f:246:16:246:22":2,"s:248:8:248:69":21,"s:249:8:249:71":22,"s:250:8:250:72":23,"s:251:8:251:67":24,"s:254:16:257:Infinity":25,"s:261:2:263:Infinity":26,"f:261:2:261:18":3,"s:262:4:262:Infinity":27,"s:269:2:296:Infinity":28,"f:269:2:269:18":4,"s:270:26:283:Infinity":29,"f:270:26:270:38":5,"s:271:6:271:Infinity":30,"s:273:6:283:Infinity":31,"s:275:8:275:Infinity":32,"s:278:8:278:Infinity":33,"s:280:8:280:Infinity":34,"s:282:8:282:Infinity":35,"s:283:8:283:Infinity":36,"s:287:4:287:Infinity":37,"s:290:4:293:Infinity":38,"f:290:4:290:17":6,"s:291:6:291:Infinity":39,"b:292:6:293:Infinity:undefined:undefined:undefined:undefined":1,"s:292:6:293:Infinity":40,"s:293:8:293:Infinity":41,"s:302:27:338:Infinity":42,"f:302:27:302:39":7,"s:303:4:303:Infinity":43,"s:305:4:338:Infinity":44,"s:307:22:307:74":45,"s:310:35:311:Infinity":46,"b:314:6:330:Infinity:323:13:330:Infinity":2,"s:314:6:330:Infinity":47,"s:315:8:319:Infinity":48,"s:322:8:322:Infinity":49,"s:325:8:328:Infinity":50,"s:330:8:330:Infinity":51,"s:333:6:336:Infinity":52,"s:338:6:338:Infinity":53,"s:346:8:350:Infinity":54,"f:346:8:346:34":8,"s:347:4:350:Infinity":55,"s:357:29:381:Infinity":56,"f:357:29:357:36":9,"s:358:4:381:Infinity":57,"s:360:20:364:8":58,"s:367:12:370:Infinity":59,"b:373:6:378:Infinity:undefined:undefined:undefined:undefined":3,"s:373:6:378:Infinity":60,"s:375:8:375:Infinity":61,"s:378:8:378:Infinity":62,"s:381:6:381:Infinity":63,"s:389:26:421:Infinity":64,"f:389:26:389:33":10,"b:390:4:391:Infinity:undefined:undefined:undefined:undefined":4,"s:390:4:391:Infinity":65,"s:391:6:391:Infinity":66,"s:394:4:421:Infinity":67,"s:395:35:395:84":68,"b:397:6:413:Infinity:402:13:413:Infinity":5,"s:397:6:413:Infinity":69,"s:398:8:401:Infinity":70,"s:404:8:407:Infinity":71,"s:409:8:409:Infinity":72,"b:412:8:413:Infinity:undefined:undefined:undefined:undefined":6,"s:412:8:413:Infinity":73,"s:413:10:413:Infinity":74,"s:417:6:417:Infinity":75,"s:418:6:421:Infinity":76,"s:429:29:451:Infinity":77,"f:429:29:429:41":11,"b:430:4:431:Infinity:undefined:undefined:undefined:undefined":7,"s:430:4:431:Infinity":78,"s:431:6:431:Infinity":79,"s:434:4:434:Infinity":80,"s:436:4:451:Infinity":81,"s:437:26:437:76":82,"b:439:6:446:Infinity:441:13:446:Infinity":8,"s:439:6:446:Infinity":83,"s:440:8:440:Infinity":84,"s:442:8:442:Infinity":85,"b:445:8:446:Infinity:undefined:undefined:undefined:undefined":9,"s:445:8:446:Infinity":86,"s:446:10:446:Infinity":87,"s:450:6:450:Infinity":88,"s:451:6:451:Infinity":89,"s:459:8:465:8":90,"f:459:46:459:53":12,"s:461:4:461:Infinity":91,"s:464:4:464:Infinity":92,"s:471:8:473:37":93,"f:471:44:471:56":13,"s:472:4:472:Infinity":94,"s:476:23:476:Infinity":95,"s:478:2:553:Infinity":96,"b:485:63:485:83:485:83:485:Infinity":10,"b:489:28:489:35:489:35:489:Infinity":11,"b:492:28:492:44:492:44:492:Infinity":12,"b:500:54:500:62:500:62:500:71":13,"b:520:9:520:Infinity:521:10:526:Infinity":14,"b:530:9:530:Infinity:531:10:543:Infinity":15,"b:546:9:546:Infinity:547:10:549:Infinity":16}}}
,"/Users/vikgamov/projects/ai/robocoders-jfokus-2026-kiro/src/components/ColorSwatch.module.css": {"path":"/Users/vikgamov/projects/ai/robocoders-jfokus-2026-kiro/src/components/ColorSwatch.module.css","statementMap":{},"fnMap":{},"branchMap":{},"s":{},"f":{},"b":{},"meta":{"lastBranch":0,"lastFunction":0,"lastStatement":0,"seen":{}}}
,"/Users/vikgamov/projects/ai/robocoders-jfokus-2026-kiro/src/components/ColorSwatch.tsx": {"path":"/Users/vikgamov/projects/ai/robocoders-jfokus-2026-kiro/src/components/ColorSwatch.tsx","statementMap":{"0":{"start":{"line":24,"column":31},"end":{"line":24,"column":null}},"1":{"start":{"line":27,"column":22},"end":{"line":27,"column":null}},"2":{"start":{"line":31,"column":8},"end":{"line":31,"column":null}},"3":{"start":{"line":32,"column":20},"end":{"line":32,"column":null}},"4":{"start":{"line":34,"column":2},"end":{"line":65,"column":null}}},"fnMap":{"0":{"name":"ColorSwatch","decl":{"start":{"line":23,"column":16},"end":{"line":23,"column":28}},"loc":{"start":{"line":23,"column":64},"end":{"line":65,"column":null}},"line":23}},"branchMap":{"0":{"loc":{"start":{"line":32,"column":20},"end":{"line":32,"column":null}},"type":"cond-expr","locations":[{"start":{"line":32,"column":38},"end":{"line":32,"column":50}},{"start":{"line":32,"column":50},"end":{"line":32,"column":null}}],"line":32}},"s":{"0":13,"1":13,"2":13,"3":13,"4":13},"f":{"0":13},"b":{"0":[6,7]},"meta":{"lastBranch":1,"lastFunction":1,"lastStatement":5,"seen":{"f:23:16:23:28":0,"s:24:31:24:Infinity":0,"s:27:22:27:Infinity":1,"s:31:8:31:Infinity":2,"s:32:20:32:Infinity":3,"b:32:38:32:50:32:50:32:Infinity":0,"s:34:2:65:Infinity":4}}}
,"/Users/vikgamov/projects/ai/robocoders-jfokus-2026-kiro/src/components/ErrorDisplay.module.css": {"path":"/Users/vikgamov/projects/ai/robocoders-jfokus-2026-kiro/src/components/ErrorDisplay.module.css","statementMap":{},"fnMap":{},"branchMap":{},"s":{},"f":{},"b":{},"meta":{"lastBranch":0,"lastFunction":0,"lastStatement":0,"seen":{}}}
,"/Users/vikgamov/projects/ai/robocoders-jfokus-2026-kiro/src/components/ErrorDisplay.tsx": {"path":"/Users/vikgamov/projects/ai/robocoders-jfokus-2026-kiro/src/components/ErrorDisplay.tsx","statementMap":{"0":{"start":{"line":32,"column":2},"end":{"line":32,"column":null}},"1":{"start":{"line":39,"column":2},"end":{"line":40,"column":null}},"2":{"start":{"line":40,"column":4},"end":{"line":40,"column":null}},"3":{"start":{"line":42,"column":2},"end":{"line":42,"column":null}},"4":{"start":{"line":51,"column":2},"end":{"line":53,"column":null}},"5":{"start":{"line":52,"column":4},"end":{"line":52,"column":null}},"6":{"start":{"line":55,"column":16},"end":{"line":55,"column":35}},"7":{"start":{"line":56,"column":18},"end":{"line":56,"column":46}},"8":{"start":{"line":58,"column":2},"end":{"line":113,"column":null}}},"fnMap":{"0":{"name":"getErrorTitle","decl":{"start":{"line":31,"column":9},"end":{"line":31,"column":23}},"loc":{"start":{"line":31,"column":48},"end":{"line":32,"column":null}},"line":31},"1":{"name":"getErrorMessage","decl":{"start":{"line":38,"column":9},"end":{"line":38,"column":25}},"loc":{"start":{"line":38,"column":84},"end":{"line":42,"column":null}},"line":38},"2":{"name":"ErrorDisplay","decl":{"start":{"line":49,"column":16},"end":{"line":49,"column":29}},"loc":{"start":{"line":49,"column":85},"end":{"line":113,"column":null}},"line":49},"3":{"name":"(anonymous_3)","decl":{"start":{"line":51,"column":2},"end":{"line":51,"column":18}},"loc":{"start":{"line":51,"column":18},"end":{"line":53,"column":6}},"line":51}},"branchMap":{"0":{"loc":{"start":{"line":32,"column":9},"end":{"line":32,"column":null}},"type":"cond-expr","locations":[{"start":{"line":32,"column":29},"end":{"line":32,"column":46}},{"start":{"line":32,"column":46},"end":{"line":32,"column":null}}],"line":32},"1":{"loc":{"start":{"line":39,"column":2},"end":{"line":40,"column":null}},"type":"if","locations":[{"start":{"line":39,"column":2},"end":{"line":40,"column":null}},{"start":{},"end":{}}],"line":39},"2":{"loc":{"start":{"line":67,"column":11},"end":{"line":77,"column":null}},"type":"cond-expr","locations":[{"start":{"line":68,"column":12},"end":{"line":72,"column":null}},{"start":{"line":74,"column":12},"end":{"line":77,"column":null}}],"line":67},"3":{"loc":{"start":{"line":91,"column":9},"end":{"line":99,"column":null}},"type":"binary-expr","locations":[{"start":{"line":91,"column":9},"end":{"line":91,"column":null}},{"start":{"line":92,"column":10},"end":{"line":99,"column":null}}],"line":91},"4":{"loc":{"start":{"line":101,"column":9},"end":{"line":110,"column":null}},"type":"binary-expr","locations":[{"start":{"line":101,"column":9},"end":{"line":101,"column":null}},{"start":{"line":102,"column":10},"end":{"line":110,"column":null}}],"line":101}},"s":{"0":29,"1":29,"2":18,"3":11,"4":29,"5":29,"6":29,"7":29,"8":29},"f":{"0":29,"1":29,"2":29,"3":29},"b":{"0":[18,11],"1":[18,11],"2":[18,11],"3":[29,1],"4":[29,1]},"meta":{"lastBranch":5,"lastFunction":4,"lastStatement":9,"seen":{"f:31:9:31:23":0,"s:32:2:32:Infinity":0,"b:32:29:32:46:32:46:32:Infinity":0,"f:38:9:38:25":1,"b:39:2:40:Infinity:undefined:undefined:undefined:undefined":1,"s:39:2:40:Infinity":1,"s:40:4:40:Infinity":2,"s:42:2:42:Infinity":3,"f:49:16:49:29":2,"s:51:2:53:Infinity":4,"f:51:2:51:18":3,"s:52:4:52:Infinity":5,"s:55:16:55:35":6,"s:56:18:56:46":7,"s:58:2:113:Infinity":8,"b:68:12:72:Infinity:74:12:77:Infinity":2,"b:91:9:91:Infinity:92:10:99:Infinity":3,"b:101:9:101:Infinity:102:10:110:Infinity":4}}}
,"/Users/vikgamov/projects/ai/robocoders-jfokus-2026-kiro/src/components/ManualColorPicker.module.css": {"path":"/Users/vikgamov/projects/ai/robocoders-jfokus-2026-kiro/src/components/ManualColorPicker.module.css","statementMap":{},"fnMap":{},"branchMap":{},"s":{},"f":{},"b":{},"meta":{"lastBranch":0,"lastFunction":0,"lastStatement":0,"seen":{}}}
,"/Users/vikgamov/projects/ai/robocoders-jfokus-2026-kiro/src/components/ManualColorPicker.tsx": {"path":"/Users/vikgamov/projects/ai/robocoders-jfokus-2026-kiro/src/components/ManualColorPicker.tsx","statementMap":{"0":{"start":{"line":28,"column":2},"end":{"line":28,"column":null}},"1":{"start":{"line":35,"column":17},"end":{"line":35,"column":36}},"2":{"start":{"line":36,"column":2},"end":{"line":37,"column":null}},"3":{"start":{"line":37,"column":4},"end":{"line":37,"column":null}},"4":{"start":{"line":39,"column":2},"end":{"line":39,"column":null}},"5":{"start":{"line":44,"column":16},"end":{"line":44,"column":55}},"6":{"start":{"line":47,"column":2},"end":{"line":49,"column":null}},"7":{"start":{"line":48,"column":4},"end":{"line":48,"column":null}},"8":{"start":{"line":54,"column":8},"end":{"line":61,"column":28}},"9":{"start":{"line":55,"column":21},"end":{"line":58,"column":null}},"10":{"start":{"line":59,"column":4},"end":{"line":59,"column":null}},"11":{"start":{"line":60,"column":4},"end":{"line":60,"column":null}},"12":{"start":{"line":66,"column":8},"end":{"line":74,"column":28}},"13":{"start":{"line":67,"column":18},"end":{"line":67,"column":43}},"14":{"start":{"line":68,"column":21},"end":{"line":71,"column":null}},"15":{"start":{"line":72,"column":4},"end":{"line":72,"column":null}},"16":{"start":{"line":73,"column":4},"end":{"line":73,"column":null}},"17":{"start":{"line":79,"column":8},"end":{"line":94,"column":21}},"18":{"start":{"line":81,"column":16},"end":{"line":81,"column":41}},"19":{"start":{"line":83,"column":4},"end":{"line":91,"column":null}},"20":{"start":{"line":84,"column":18},"end":{"line":84,"column":51}},"21":{"start":{"line":85,"column":20},"end":{"line":85,"column":53}},"22":{"start":{"line":86,"column":19},"end":{"line":86,"column":52}},"23":{"start":{"line":88,"column":6},"end":{"line":91,"column":null}},"24":{"start":{"line":89,"column":25},"end":{"line":89,"column":null}},"25":{"start":{"line":90,"column":8},"end":{"line":90,"column":null}},"26":{"start":{"line":91,"column":8},"end":{"line":91,"column":null}},"27":{"start":{"line":97,"column":22},"end":{"line":97,"column":null}},"28":{"start":{"line":100,"column":20},"end":{"line":100,"column":null}},"29":{"start":{"line":103,"column":8},"end":{"line":103,"column":null}},"30":{"start":{"line":104,"column":20},"end":{"line":104,"column":null}},"31":{"start":{"line":106,"column":2},"end":{"line":296,"column":null}},"32":{"start":{"line":132,"column":31},"end":{"line":132,"column":71}},"33":{"start":{"line":144,"column":29},"end":{"line":144,"column":84}},"34":{"start":{"line":160,"column":31},"end":{"line":160,"column":73}},"35":{"start":{"line":172,"column":29},"end":{"line":172,"column":86}},"36":{"start":{"line":188,"column":31},"end":{"line":188,"column":72}},"37":{"start":{"line":200,"column":29},"end":{"line":200,"column":85}},"38":{"start":{"line":218,"column":29},"end":{"line":218,"column":60}},"39":{"start":{"line":226,"column":29},"end":{"line":226,"column":60}},"40":{"start":{"line":241,"column":27},"end":{"line":241,"column":73}},"41":{"start":{"line":248,"column":27},"end":{"line":248,"column":73}},"42":{"start":{"line":255,"column":27},"end":{"line":255,"column":73}},"43":{"start":{"line":262,"column":27},"end":{"line":262,"column":75}},"44":{"start":{"line":269,"column":27},"end":{"line":269,"column":75}},"45":{"start":{"line":276,"column":27},"end":{"line":276,"column":75}},"46":{"start":{"line":283,"column":27},"end":{"line":283,"column":77}},"47":{"start":{"line":290,"column":27},"end":{"line":290,"column":75}}},"fnMap":{"0":{"name":"clampRGB","decl":{"start":{"line":27,"column":9},"end":{"line":27,"column":18}},"loc":{"start":{"line":27,"column":41},"end":{"line":28,"column":null}},"line":27},"1":{"name":"parseRGBInput","decl":{"start":{"line":34,"column":9},"end":{"line":34,"column":23}},"loc":{"start":{"line":34,"column":46},"end":{"line":39,"column":null}},"line":34},"2":{"name":"ManualColorPicker","decl":{"start":{"line":42,"column":16},"end":{"line":42,"column":34}},"loc":{"start":{"line":42,"column":91},"end":{"line":296,"column":null}},"line":42},"3":{"name":"(anonymous_3)","decl":{"start":{"line":47,"column":2},"end":{"line":47,"column":18}},"loc":{"start":{"line":47,"column":18},"end":{"line":49,"column":6}},"line":47},"4":{"name":"(anonymous_4)","decl":{"start":{"line":54,"column":29},"end":{"line":54,"column":42}},"loc":{"start":{"line":54,"column":80},"end":{"line":61,"column":6}},"line":54},"5":{"name":"(anonymous_5)","decl":{"start":{"line":66,"column":28},"end":{"line":66,"column":41}},"loc":{"start":{"line":66,"column":84},"end":{"line":74,"column":6}},"line":66},"6":{"name":"(anonymous_6)","decl":{"start":{"line":79,"column":26},"end":{"line":79,"column":39}},"loc":{"start":{"line":79,"column":60},"end":{"line":94,"column":6}},"line":79},"7":{"name":"(anonymous_7)","decl":{"start":{"line":132,"column":14},"end":{"line":132,"column":25}},"loc":{"start":{"line":132,"column":31},"end":{"line":132,"column":71}},"line":132},"8":{"name":"(anonymous_8)","decl":{"start":{"line":144,"column":12},"end":{"line":144,"column":23}},"loc":{"start":{"line":144,"column":29},"end":{"line":144,"column":84}},"line":144},"9":{"name":"(anonymous_9)","decl":{"start":{"line":160,"column":14},"end":{"line":160,"column":25}},"loc":{"start":{"line":160,"column":31},"end":{"line":160,"column":73}},"line":160},"10":{"name":"(anonymous_10)","decl":{"start":{"line":172,"column":12},"end":{"line":172,"column":23}},"loc":{"start":{"line":172,"column":29},"end":{"line":172,"column":86}},"line":172},"11":{"name":"(anonymous_11)","decl":{"start":{"line":188,"column":14},"end":{"line":188,"column":25}},"loc":{"start":{"line":188,"column":31},"end":{"line":188,"column":72}},"line":188},"12":{"name":"(anonymous_12)","decl":{"start":{"line":200,"column":12},"end":{"line":200,"column":23}},"loc":{"start":{"line":200,"column":29},"end":{"line":200,"column":85}},"line":200},"13":{"name":"(anonymous_13)","decl":{"start":{"line":218,"column":12},"end":{"line":218,"column":23}},"loc":{"start":{"line":218,"column":29},"end":{"line":218,"column":60}},"line":218},"14":{"name":"(anonymous_14)","decl":{"start":{"line":226,"column":12},"end":{"line":226,"column":23}},"loc":{"start":{"line":226,"column":29},"end":{"line":226,"column":60}},"line":226},"15":{"name":"(anonymous_15)","decl":{"start":{"line":241,"column":12},"end":{"line":241,"column":27}},"loc":{"start":{"line":241,"column":27},"end":{"line":241,"column":73}},"line":241},"16":{"name":"(anonymous_16)","decl":{"start":{"line":248,"column":12},"end":{"line":248,"column":27}},"loc":{"start":{"line":248,"column":27},"end":{"line":248,"column":73}},"line":248},"17":{"name":"(anonymous_17)","decl":{"start":{"line":255,"column":12},"end":{"line":255,"column":27}},"loc":{"start":{"line":255,"column":27},"end":{"line":255,"column":73}},"line":255},"18":{"name":"(anonymous_18)","decl":{"start":{"line":262,"column":12},"end":{"line":262,"column":27}},"loc":{"start":{"line":262,"column":27},"end":{"line":262,"column":75}},"line":262},"19":{"name":"(anonymous_19)","decl":{"start":{"line":269,"column":12},"end":{"line":269,"column":27}},"loc":{"start":{"line":269,"column":27},"end":{"line":269,"column":75}},"line":269},"20":{"name":"(anonymous_20)","decl":{"start":{"line":276,"column":12},"end":{"line":276,"column":27}},"loc":{"start":{"line":276,"column":27},"end":{"line":276,"column":75}},"line":276},"21":{"name":"(anonymous_21)","decl":{"start":{"line":283,"column":12},"end":{"line":283,"column":27}},"loc":{"start":{"line":283,"column":27},"end":{"line":283,"column":77}},"line":283},"22":{"name":"(anonymous_22)","decl":{"start":{"line":290,"column":12},"end":{"line":290,"column":27}},"loc":{"start":{"line":290,"column":27},"end":{"line":290,"column":75}},"line":290}},"branchMap":{"0":{"loc":{"start":{"line":36,"column":2},"end":{"line":37,"column":null}},"type":"if","locations":[{"start":{"line":36,"column":2},"end":{"line":37,"column":null}},{"start":{},"end":{}}],"line":36},"1":{"loc":{"start":{"line":83,"column":4},"end":{"line":91,"column":null}},"type":"if","locations":[{"start":{"line":83,"column":4},"end":{"line":91,"column":null}},{"start":{},"end":{}}],"line":83},"2":{"loc":{"start":{"line":88,"column":6},"end":{"line":91,"column":null}},"type":"if","locations":[{"start":{"line":88,"column":6},"end":{"line":91,"column":null}},{"start":{},"end":{}}],"line":88},"3":{"loc":{"start":{"line":88,"column":10},"end":{"line":88,"column":54}},"type":"binary-expr","locations":[{"start":{"line":88,"column":10},"end":{"line":88,"column":21}},{"start":{"line":88,"column":25},"end":{"line":88,"column":38}},{"start":{"line":88,"column":42},"end":{"line":88,"column":54}}],"line":88},"4":{"loc":{"start":{"line":104,"column":20},"end":{"line":104,"column":null}},"type":"cond-expr","locations":[{"start":{"line":104,"column":38},"end":{"line":104,"column":50}},{"start":{"line":104,"column":50},"end":{"line":104,"column":null}}],"line":104}},"s":{"0":6,"1":3,"2":3,"3":0,"4":3,"5":49,"6":49,"7":30,"8":49,"9":3,"10":3,"11":3,"12":49,"13":3,"14":3,"15":3,"16":3,"17":49,"18":0,"19":0,"20":0,"21":0,"22":0,"23":0,"24":0,"25":0,"26":0,"27":49,"28":49,"29":49,"30":49,"31":49,"32":2,"33":1,"34":1,"35":1,"36":0,"37":1,"38":0,"39":0,"40":2,"41":1,"42":1,"43":0,"44":0,"45":0,"46":0,"47":0},"f":{"0":6,"1":3,"2":49,"3":30,"4":3,"5":3,"6":0,"7":2,"8":1,"9":1,"10":1,"11":0,"12":1,"13":0,"14":0,"15":2,"16":1,"17":1,"18":0,"19":0,"20":0,"21":0,"22":0},"b":{"0":[0,3],"1":[0,0],"2":[0,0],"3":[0,0,0],"4":[40,9]},"meta":{"lastBranch":5,"lastFunction":23,"lastStatement":48,"seen":{"f:27:9:27:18":0,"s:28:2:28:Infinity":0,"f:34:9:34:23":1,"s:35:17:35:36":1,"b:36:2:37:Infinity:undefined:undefined:undefined:undefined":0,"s:36:2:37:Infinity":2,"s:37:4:37:Infinity":3,"s:39:2:39:Infinity":4,"f:42:16:42:34":2,"s:44:16:44:55":5,"s:47:2:49:Infinity":6,"f:47:2:47:18":3,"s:48:4:48:Infinity":7,"s:54:8:61:28":8,"f:54:29:54:42":4,"s:55:21:58:Infinity":9,"s:59:4:59:Infinity":10,"s:60:4:60:Infinity":11,"s:66:8:74:28":12,"f:66:28:66:41":5,"s:67:18:67:43":13,"s:68:21:71:Infinity":14,"s:72:4:72:Infinity":15,"s:73:4:73:Infinity":16,"s:79:8:94:21":17,"f:79:26:79:39":6,"s:81:16:81:41":18,"b:83:4:91:Infinity:undefined:undefined:undefined:undefined":1,"s:83:4:91:Infinity":19,"s:84:18:84:51":20,"s:85:20:85:53":21,"s:86:19:86:52":22,"b:88:6:91:Infinity:undefined:undefined:undefined:undefined":2,"s:88:6:91:Infinity":23,"b:88:10:88:21:88:25:88:38:88:42:88:54":3,"s:89:25:89:Infinity":24,"s:90:8:90:Infinity":25,"s:91:8:91:Infinity":26,"s:97:22:97:Infinity":27,"s:100:20:100:Infinity":28,"s:103:8:103:Infinity":29,"s:104:20:104:Infinity":30,"b:104:38:104:50:104:50:104:Infinity":4,"s:106:2:296:Infinity":31,"f:132:14:132:25":7,"s:132:31:132:71":32,"f:144:12:144:23":8,"s:144:29:144:84":33,"f:160:14:160:25":9,"s:160:31:160:73":34,"f:172:12:172:23":10,"s:172:29:172:86":35,"f:188:14:188:25":11,"s:188:31:188:72":36,"f:200:12:200:23":12,"s:200:29:200:85":37,"f:218:12:218:23":13,"s:218:29:218:60":38,"f:226:12:226:23":14,"s:226:29:226:60":39,"f:241:12:241:27":15,"s:241:27:241:73":40,"f:248:12:248:27":16,"s:248:27:248:73":41,"f:255:12:255:27":17,"s:255:27:255:73":42,"f:262:12:262:27":18,"s:262:27:262:75":43,"f:269:12:269:27":19,"s:269:27:269:75":44,"f:276:12:276:27":20,"s:276:27:276:75":45,"f:283:12:283:27":21,"s:283:27:283:77":46,"f:290:12:290:27":22,"s:290:27:290:75":47}}}
,"/Users/vikgamov/projects/ai/robocoders-jfokus-2026-kiro/src/components/SettingsPanel.module.css": {"path":"/Users/vikgamov/projects/ai/robocoders-jfokus-2026-kiro/src/components/SettingsPanel.module.css","statementMap":{},"fnMap":{},"branchMap":{},"s":{},"f":{},"b":{},"meta":{"lastBranch":0,"lastFunction":0,"lastStatement":0,"seen":{}}}
,"/Users/vikgamov/projects/ai/robocoders-jfokus-2026-kiro/src/components/SettingsPanel.tsx": {"path":"/Users/vikgamov/projects/ai/robocoders-jfokus-2026-kiro/src/components/SettingsPanel.tsx","statementMap":{"0":{"start":{"line":31,"column":34},"end":{"line":37,"column":null}},"1":{"start":{"line":40,"column":25},"end":{"line":40,"column":null}},"2":{"start":{"line":52,"column":20},"end":{"line":52,"column":65}},"3":{"start":{"line":53,"column":27},"end":{"line":53,"column":98}},"4":{"start":{"line":54,"column":18},"end":{"line":54,"column":61}},"5":{"start":{"line":55,"column":27},"end":{"line":55,"column":88}},"6":{"start":{"line":58,"column":2},"end":{"line":61,"column":null}},"7":{"start":{"line":59,"column":4},"end":{"line":59,"column":null}},"8":{"start":{"line":60,"column":4},"end":{"line":60,"column":null}},"9":{"start":{"line":67,"column":8},"end":{"line":69,"column":8}},"10":{"start":{"line":68,"column":4},"end":{"line":68,"column":null}},"11":{"start":{"line":75,"column":8},"end":{"line":88,"column":18}},"12":{"start":{"line":76,"column":18},"end":{"line":76,"column":null}},"13":{"start":{"line":77,"column":4},"end":{"line":77,"column":null}},"14":{"start":{"line":80,"column":4},"end":{"line":83,"column":null}},"15":{"start":{"line":81,"column":6},"end":{"line":81,"column":null}},"16":{"start":{"line":83,"column":6},"end":{"line":83,"column":null}},"17":{"start":{"line":87,"column":4},"end":{"line":87,"column":null}},"18":{"start":{"line":94,"column":8},"end":{"line":97,"column":8}},"19":{"start":{"line":95,"column":18},"end":{"line":95,"column":null}},"20":{"start":{"line":96,"column":4},"end":{"line":96,"column":null}},"21":{"start":{"line":103,"column":8},"end":{"line":113,"column":24}},"22":{"start":{"line":104,"column":4},"end":{"line":104,"column":null}},"23":{"start":{"line":106,"column":4},"end":{"line":111,"column":null}},"24":{"start":{"line":107,"column":26},"end":{"line":107,"column":50}},"25":{"start":{"line":108,"column":6},"end":{"line":108,"column":null}},"26":{"start":{"line":110,"column":6},"end":{"line":110,"column":null}},"27":{"start":{"line":111,"column":6},"end":{"line":111,"column":null}},"28":{"start":{"line":119,"column":8},"end":{"line":128,"column":60}},"29":{"start":{"line":120,"column":4},"end":{"line":121,"column":null}},"30":{"start":{"line":121,"column":6},"end":{"line":121,"column":null}},"31":{"start":{"line":124,"column":4},"end":{"line":127,"column":null}},"32":{"start":{"line":134,"column":8},"end":{"line":139,"column":8}},"33":{"start":{"line":135,"column":4},"end":{"line":135,"column":null}},"34":{"start":{"line":136,"column":4},"end":{"line":136,"column":null}},"35":{"start":{"line":137,"column":4},"end":{"line":137,"column":null}},"36":{"start":{"line":138,"column":4},"end":{"line":138,"column":null}},"37":{"start":{"line":142,"column":25},"end":{"line":142,"column":null}},"38":{"start":{"line":144,"column":2},"end":{"line":267,"column":null}},"39":{"start":{"line":235,"column":16},"end":{"line":237,"column":null}}},"fnMap":{"0":{"name":"SettingsPanel","decl":{"start":{"line":44,"column":16},"end":{"line":44,"column":30}},"loc":{"start":{"line":50,"column":23},"end":{"line":267,"column":null}},"line":50},"1":{"name":"(anonymous_1)","decl":{"start":{"line":58,"column":2},"end":{"line":58,"column":18}},"loc":{"start":{"line":58,"column":18},"end":{"line":61,"column":6}},"line":58},"2":{"name":"(anonymous_2)","decl":{"start":{"line":67,"column":21},"end":{"line":67,"column":34}},"loc":{"start":{"line":67,"column":58},"end":{"line":69,"column":7}},"line":67},"3":{"name":"(anonymous_3)","decl":{"start":{"line":75,"column":25},"end":{"line":75,"column":38}},"loc":{"start":{"line":75,"column":81},"end":{"line":88,"column":6}},"line":75},"4":{"name":"(anonymous_4)","decl":{"start":{"line":94,"column":29},"end":{"line":94,"column":42}},"loc":{"start":{"line":94,"column":86},"end":{"line":97,"column":7}},"line":94},"5":{"name":"(anonymous_5)","decl":{"start":{"line":103,"column":43},"end":{"line":103,"column":55}},"loc":{"start":{"line":103,"column":55},"end":{"line":113,"column":6}},"line":103},"6":{"name":"(anonymous_6)","decl":{"start":{"line":119,"column":21},"end":{"line":119,"column":39}},"loc":{"start":{"line":119,"column":39},"end":{"line":128,"column":6}},"line":119},"7":{"name":"(anonymous_7)","decl":{"start":{"line":134,"column":22},"end":{"line":134,"column":40}},"loc":{"start":{"line":134,"column":40},"end":{"line":139,"column":7}},"line":134},"8":{"name":"(anonymous_8)","decl":{"start":{"line":234,"column":32},"end":{"line":234,"column":37}},"loc":{"start":{"line":235,"column":16},"end":{"line":237,"column":null}},"line":235}},"branchMap":{"0":{"loc":{"start":{"line":80,"column":4},"end":{"line":83,"column":null}},"type":"if","locations":[{"start":{"line":80,"column":4},"end":{"line":83,"column":null}},{"start":{"line":82,"column":11},"end":{"line":83,"column":null}}],"line":80},"1":{"loc":{"start":{"line":80,"column":8},"end":{"line":80,"column":35}},"type":"binary-expr","locations":[{"start":{"line":80,"column":8},"end":{"line":80,"column":17}},{"start":{"line":80,"column":17},"end":{"line":80,"column":35}}],"line":80},"2":{"loc":{"start":{"line":96,"column":24},"end":{"line":96,"column":52}},"type":"cond-expr","locations":[{"start":{"line":96,"column":39},"end":{"line":96,"column":46}},{"start":{"line":96,"column":46},"end":{"line":96,"column":52}}],"line":96},"3":{"loc":{"start":{"line":108,"column":26},"end":{"line":108,"column":60}},"type":"cond-expr","locations":[{"start":{"line":108,"column":40},"end":{"line":108,"column":52}},{"start":{"line":108,"column":52},"end":{"line":108,"column":60}}],"line":108},"4":{"loc":{"start":{"line":120,"column":4},"end":{"line":121,"column":null}},"type":"if","locations":[{"start":{"line":120,"column":4},"end":{"line":121,"column":null}},{"start":{},"end":{}}],"line":120},"5":{"loc":{"start":{"line":142,"column":25},"end":{"line":142,"column":null}},"type":"binary-expr","locations":[{"start":{"line":142,"column":25},"end":{"line":142,"column":38}},{"start":{"line":142,"column":38},"end":{"line":142,"column":null}}],"line":142},"6":{"loc":{"start":{"line":168,"column":44},"end":{"line":168,"column":null}},"type":"cond-expr","locations":[{"start":{"line":168,"column":54},"end":{"line":168,"column":74}},{"start":{"line":168,"column":74},"end":{"line":168,"column":null}}],"line":168},"7":{"loc":{"start":{"line":173,"column":32},"end":{"line":173,"column":null}},"type":"cond-expr","locations":[{"start":{"line":173,"column":42},"end":{"line":173,"column":55}},{"start":{"line":173,"column":55},"end":{"line":173,"column":null}}],"line":173},"8":{"loc":{"start":{"line":175,"column":13},"end":{"line":182,"column":null}},"type":"binary-expr","locations":[{"start":{"line":175,"column":13},"end":{"line":175,"column":null}},{"start":{"line":176,"column":14},"end":{"line":182,"column":null}}],"line":175},"9":{"loc":{"start":{"line":194,"column":24},"end":{"line":194,"column":null}},"type":"binary-expr","locations":[{"start":{"line":194,"column":24},"end":{"line":194,"column":37}},{"start":{"line":194,"column":37},"end":{"line":194,"column":51}},{"start":{"line":194,"column":51},"end":{"line":194,"column":null}}],"line":194},"10":{"loc":{"start":{"line":197,"column":15},"end":{"line":197,"column":null}},"type":"cond-expr","locations":[{"start":{"line":197,"column":48},"end":{"line":197,"column":63}},{"start":{"line":197,"column":63},"end":{"line":197,"column":null}}],"line":197},"11":{"loc":{"start":{"line":200,"column":13},"end":{"line":203,"column":null}},"type":"binary-expr","locations":[{"start":{"line":200,"column":13},"end":{"line":200,"column":null}},{"start":{"line":201,"column":14},"end":{"line":203,"column":null}}],"line":200},"12":{"loc":{"start":{"line":206,"column":13},"end":{"line":209,"column":null}},"type":"binary-expr","locations":[{"start":{"line":206,"column":13},"end":{"line":206,"column":null}},{"start":{"line":207,"column":14},"end":{"line":209,"column":null}}],"line":206},"13":{"loc":{"start":{"line":212,"column":13},"end":{"line":213,"column":null}},"type":"binary-expr","locations":[{"start":{"line":212,"column":13},"end":{"line":212,"column":null}},{"start":{"line":213,"column":14},"end":{"line":213,"column":null}}],"line":212},"14":{"loc":{"start":{"line":225,"column":11},"end":{"line":244,"column":null}},"type":"cond-expr","locations":[{"start":{"line":226,"column":12},"end":{"line":239,"column":null}},{"start":{"line":241,"column":12},"end":{"line":244,"column":null}}],"line":225},"15":{"loc":{"start":{"line":229,"column":21},"end":{"line":229,"column":null}},"type":"binary-expr","locations":[{"start":{"line":229,"column":21},"end":{"line":229,"column":41}},{"start":{"line":229,"column":41},"end":{"line":229,"column":null}}],"line":229},"16":{"loc":{"start":{"line":236,"column":19},"end":{"line":236,"column":null}},"type":"binary-expr","locations":[{"start":{"line":236,"column":19},"end":{"line":236,"column":35}},{"start":{"line":236,"column":35},"end":{"line":236,"column":null}}],"line":236}},"s":{"0":1,"1":1,"2":47,"3":47,"4":47,"5":47,"6":47,"7":21,"8":21,"9":47,"10":5,"11":47,"12":5,"13":5,"14":5,"15":3,"16":2,"17":5,"18":47,"19":1,"20":1,"21":47,"22":4,"23":4,"24":4,"25":4,"26":0,"27":0,"28":47,"29":2,"30":0,"31":2,"32":47,"33":1,"34":1,"35":1,"36":1,"37":47,"38":47,"39":92},"f":{"0":47,"1":21,"2":5,"3":5,"4":1,"5":4,"6":2,"7":1,"8":92},"b":{"0":[3,2],"1":[5,5],"2":[0,1],"3":[3,1],"4":[0,2],"5":[47,41],"6":[6,41],"7":[6,41],"8":[47,6],"9":[47,41,41],"10":[8,39],"11":[47,8],"12":[47,3],"13":[47,1],"14":[46,1],"15":[46,44],"16":[92,0]},"meta":{"lastBranch":17,"lastFunction":9,"lastStatement":40,"seen":{"s:31:34:37:Infinity":0,"s:40:25:40:Infinity":1,"f:44:16:44:30":0,"s:52:20:52:65":2,"s:53:27:53:98":3,"s:54:18:54:61":4,"s:55:27:55:88":5,"s:58:2:61:Infinity":6,"f:58:2:58:18":1,"s:59:4:59:Infinity":7,"s:60:4:60:Infinity":8,"s:67:8:69:8":9,"f:67:21:67:34":2,"s:68:4:68:Infinity":10,"s:75:8:88:18":11,"f:75:25:75:38":3,"s:76:18:76:Infinity":12,"s:77:4:77:Infinity":13,"b:80:4:83:Infinity:82:11:83:Infinity":0,"s:80:4:83:Infinity":14,"b:80:8:80:17:80:17:80:35":1,"s:81:6:81:Infinity":15,"s:83:6:83:Infinity":16,"s:87:4:87:Infinity":17,"s:94:8:97:8":18,"f:94:29:94:42":4,"s:95:18:95:Infinity":19,"s:96:4:96:Infinity":20,"b:96:39:96:46:96:46:96:52":2,"s:103:8:113:24":21,"f:103:43:103:55":5,"s:104:4:104:Infinity":22,"s:106:4:111:Infinity":23,"s:107:26:107:50":24,"s:108:6:108:Infinity":25,"b:108:40:108:52:108:52:108:60":3,"s:110:6:110:Infinity":26,"s:111:6:111:Infinity":27,"s:119:8:128:60":28,"f:119:21:119:39":6,"b:120:4:121:Infinity:undefined:undefined:undefined:undefined":4,"s:120:4:121:Infinity":29,"s:121:6:121:Infinity":30,"s:124:4:127:Infinity":31,"s:134:8:139:8":32,"f:134:22:134:40":7,"s:135:4:135:Infinity":33,"s:136:4:136:Infinity":34,"s:137:4:137:Infinity":35,"s:138:4:138:Infinity":36,"s:142:25:142:Infinity":37,"b:142:25:142:38:142:38:142:Infinity":5,"s:144:2:267:Infinity":38,"b:168:54:168:74:168:74:168:Infinity":6,"b:173:42:173:55:173:55:173:Infinity":7,"b:175:13:175:Infinity:176:14:182:Infinity":8,"b:194:24:194:37:194:37:194:51:194:51:194:Infinity":9,"b:197:48:197:63:197:63:197:Infinity":10,"b:200:13:200:Infinity:201:14:203:Infinity":11,"b:206:13:206:Infinity:207:14:209:Infinity":12,"b:212:13:212:Infinity:213:14:213:Infinity":13,"b:226:12:239:Infinity:241:12:244:Infinity":14,"b:229:21:229:41:229:41:229:Infinity":15,"f:234:32:234:37":8,"s:235:16:237:Infinity":39,"b:236:19:236:35:236:35:236:Infinity":16}}}
,"/Users/vikgamov/projects/ai/robocoders-jfokus-2026-kiro/src/components/StatusIndicator.module.css": {"path":"/Users/vikgamov/projects/ai/robocoders-jfokus-2026-kiro/src/components/StatusIndicator.module.css","statementMap":{},"fnMap":{},"branchMap":{},"s":{},"f":{},"b":{},"meta":{"lastBranch":0,"lastFunction":0,"lastStatement":0,"seen":{}}}
,"/Users/vikgamov/projects/ai/robocoders-jfokus-2026-kiro/src/components/StatusIndicator.tsx": {"path":"/Users/vikgamov/projects/ai/robocoders-jfokus-2026-kiro/src/components/StatusIndicator.tsx","statementMap":{"0":{"start":{"line":29,"column":2},"end":{"line":35,"column":null}},"1":{"start":{"line":31,"column":6},"end":{"line":31,"column":null}},"2":{"start":{"line":33,"column":6},"end":{"line":33,"column":null}},"3":{"start":{"line":35,"column":6},"end":{"line":35,"column":null}},"4":{"start":{"line":43,"column":2},"end":{"line":51,"column":null}},"5":{"start":{"line":45,"column":6},"end":{"line":45,"column":null}},"6":{"start":{"line":47,"column":6},"end":{"line":47,"column":null}},"7":{"start":{"line":49,"column":6},"end":{"line":49,"column":null}},"8":{"start":{"line":51,"column":6},"end":{"line":51,"column":null}},"9":{"start":{"line":59,"column":2},"end":{"line":72,"column":null}},"10":{"start":{"line":80,"column":2},"end":{"line":94,"column":null}},"11":{"start":{"line":99,"column":22},"end":{"line":99,"column":42}},"12":{"start":{"line":100,"column":21},"end":{"line":100,"column":42}},"13":{"start":{"line":101,"column":20},"end":{"line":101,"column":null}},"14":{"start":{"line":103,"column":2},"end":{"line":132,"column":null}}},"fnMap":{"0":{"name":"getDeviceLabel","decl":{"start":{"line":28,"column":9},"end":{"line":28,"column":24}},"loc":{"start":{"line":28,"column":50},"end":{"line":35,"column":null}},"line":28},"1":{"name":"getStatusText","decl":{"start":{"line":42,"column":9},"end":{"line":42,"column":23}},"loc":{"start":{"line":42,"column":57},"end":{"line":51,"column":null}},"line":42},"2":{"name":"WebcamIcon","decl":{"start":{"line":58,"column":9},"end":{"line":58,"column":22}},"loc":{"start":{"line":58,"column":22},"end":{"line":72,"column":null}},"line":58},"3":{"name":"BulbIcon","decl":{"start":{"line":79,"column":9},"end":{"line":79,"column":20}},"loc":{"start":{"line":79,"column":20},"end":{"line":94,"column":null}},"line":79},"4":{"name":"StatusIndicator","decl":{"start":{"line":98,"column":16},"end":{"line":98,"column":32}},"loc":{"start":{"line":98,"column":72},"end":{"line":132,"column":null}},"line":98}},"branchMap":{"0":{"loc":{"start":{"line":29,"column":2},"end":{"line":35,"column":null}},"type":"switch","locations":[{"start":{"line":30,"column":4},"end":{"line":31,"column":null}},{"start":{"line":32,"column":4},"end":{"line":33,"column":null}},{"start":{"line":34,"column":4},"end":{"line":35,"column":null}}],"line":29},"1":{"loc":{"start":{"line":43,"column":2},"end":{"line":51,"column":null}},"type":"switch","locations":[{"start":{"line":44,"column":4},"end":{"line":45,"column":null}},{"start":{"line":46,"column":4},"end":{"line":47,"column":null}},{"start":{"line":48,"column":4},"end":{"line":49,"column":null}},{"start":{"line":50,"column":4},"end":{"line":51,"column":null}}],"line":43},"2":{"loc":{"start":{"line":111,"column":9},"end":{"line":111,"column":null}},"type":"cond-expr","locations":[{"start":{"line":111,"column":29},"end":{"line":111,"column":46}},{"start":{"line":111,"column":46},"end":{"line":111,"column":null}}],"line":111},"3":{"loc":{"start":{"line":128,"column":9},"end":{"line":129,"column":null}},"type":"binary-expr","locations":[{"start":{"line":128,"column":9},"end":{"line":128,"column":null}},{"start":{"line":129,"column":10},"end":{"line":129,"column":null}}],"line":128}},"s":{"0":25,"1":13,"2":12,"3":0,"4":25,"5":11,"6":7,"7":7,"8":0,"9":13,"10":12,"11":25,"12":25,"13":25,"14":25},"f":{"0":25,"1":25,"2":13,"3":12,"4":25},"b":{"0":[13,12,0],"1":[11,7,7,0],"2":[13,12],"3":[25,7]},"meta":{"lastBranch":4,"lastFunction":5,"lastStatement":15,"seen":{"f:28:9:28:24":0,"b:30:4:31:Infinity:32:4:33:Infinity:34:4:35:Infinity":0,"s:29:2:35:Infinity":0,"s:31:6:31:Infinity":1,"s:33:6:33:Infinity":2,"s:35:6:35:Infinity":3,"f:42:9:42:23":1,"b:44:4:45:Infinity:46:4:47:Infinity:48:4:49:Infinity:50:4:51:Infinity":1,"s:43:2:51:Infinity":4,"s:45:6:45:Infinity":5,"s:47:6:47:Infinity":6,"s:49:6:49:Infinity":7,"s:51:6:51:Infinity":8,"f:58:9:58:22":2,"s:59:2:72:Infinity":9,"f:79:9:79:20":3,"s:80:2:94:Infinity":10,"f:98:16:98:32":4,"s:99:22:99:42":11,"s:100:21:100:42":12,"s:101:20:101:Infinity":13,"s:103:2:132:Infinity":14,"b:111:29:111:46:111:46:111:Infinity":2,"b:128:9:128:Infinity:129:10:129:Infinity":3}}}
,"/Users/vikgamov/projects/ai/robocoders-jfokus-2026-kiro/src/components/VideoFeed.module.css": {"path":"/Users/vikgamov/projects/ai/robocoders-jfokus-2026-kiro/src/components/VideoFeed.module.css","statementMap":{},"fnMap":{},"branchMap":{},"s":{},"f":{},"b":{},"meta":{"lastBranch":0,"lastFunction":0,"lastStatement":0,"seen":{}}}
,"/Users/vikgamov/projects/ai/robocoders-jfokus-2026-kiro/src/components/VideoFeed.tsx": {"path":"/Users/vikgamov/projects/ai/robocoders-jfokus-2026-kiro/src/components/VideoFeed.tsx","statementMap":{"0":{"start":{"line":24,"column":8},"end":{"line":24,"column":49}},"1":{"start":{"line":27,"column":2},"end":{"line":43,"column":null}},"2":{"start":{"line":28,"column":25},"end":{"line":28,"column":null}},"3":{"start":{"line":29,"column":4},"end":{"line":29,"column":null}},"4":{"start":{"line":29,"column":23},"end":{"line":29,"column":null}},"5":{"start":{"line":31,"column":4},"end":{"line":34,"column":null}},"6":{"start":{"line":32,"column":6},"end":{"line":32,"column":null}},"7":{"start":{"line":34,"column":6},"end":{"line":34,"column":null}},"8":{"start":{"line":38,"column":4},"end":{"line":40,"column":null}},"9":{"start":{"line":39,"column":6},"end":{"line":40,"column":null}},"10":{"start":{"line":40,"column":8},"end":{"line":40,"column":null}},"11":{"start":{"line":45,"column":2},"end":{"line":77,"column":null}}},"fnMap":{"0":{"name":"VideoFeed","decl":{"start":{"line":23,"column":16},"end":{"line":23,"column":26}},"loc":{"start":{"line":23,"column":64},"end":{"line":77,"column":null}},"line":23},"1":{"name":"(anonymous_1)","decl":{"start":{"line":27,"column":2},"end":{"line":27,"column":18}},"loc":{"start":{"line":27,"column":18},"end":{"line":43,"column":6}},"line":27},"2":{"name":"(anonymous_2)","decl":{"start":{"line":38,"column":4},"end":{"line":38,"column":17}},"loc":{"start":{"line":38,"column":17},"end":{"line":40,"column":null}},"line":38}},"branchMap":{"0":{"loc":{"start":{"line":29,"column":4},"end":{"line":29,"column":null}},"type":"if","locations":[{"start":{"line":29,"column":4},"end":{"line":29,"column":null}},{"start":{},"end":{}}],"line":29},"1":{"loc":{"start":{"line":31,"column":4},"end":{"line":34,"column":null}},"type":"if","locations":[{"start":{"line":31,"column":4},"end":{"line":34,"column":null}},{"start":{"line":33,"column":11},"end":{"line":34,"column":null}}],"line":31},"2":{"loc":{"start":{"line":31,"column":8},"end":{"line":31,"column":28}},"type":"binary-expr","locations":[{"start":{"line":31,"column":8},"end":{"line":31,"column":18}},{"start":{"line":31,"column":18},"end":{"line":31,"column":28}}],"line":31},"3":{"loc":{"start":{"line":39,"column":6},"end":{"line":40,"column":null}},"type":"if","locations":[{"start":{"line":39,"column":6},"end":{"line":40,"column":null}},{"start":{},"end":{}}],"line":39},"4":{"loc":{"start":{"line":47,"column":7},"end":{"line":73,"column":null}},"type":"cond-expr","locations":[{"start":{"line":48,"column":8},"end":{"line":55,"column":null}},{"start":{"line":57,"column":8},"end":{"line":73,"column":null}}],"line":47},"5":{"loc":{"start":{"line":47,"column":7},"end":{"line":47,"column":null}},"type":"binary-expr","locations":[{"start":{"line":47,"column":7},"end":{"line":47,"column":19}},{"start":{"line":47,"column":19},"end":{"line":47,"column":null}}],"line":47},"6":{"loc":{"start":{"line":72,"column":15},"end":{"line":72,"column":null}},"type":"cond-expr","locations":[{"start":{"line":72,"column":26},"end":{"line":72,"column":54}},{"start":{"line":72,"column":54},"end":{"line":72,"column":null}}],"line":72}},"s":{"0":23,"1":23,"2":23,"3":23,"4":11,"5":12,"6":12,"7":0,"8":12,"9":12,"10":12,"11":23},"f":{"0":23,"1":23,"2":12},"b":{"0":[11,12],"1":[12,0],"2":[12,12],"3":[12,0],"4":[12,11],"5":[23,13],"6":[1,10]},"meta":{"lastBranch":7,"lastFunction":3,"lastStatement":12,"seen":{"f:23:16:23:26":0,"s:24:8:24:49":0,"s:27:2:43:Infinity":1,"f:27:2:27:18":1,"s:28:25:28:Infinity":2,"b:29:4:29:Infinity:undefined:undefined:undefined:undefined":0,"s:29:4:29:Infinity":3,"s:29:23:29:Infinity":4,"b:31:4:34:Infinity:33:11:34:Infinity":1,"s:31:4:34:Infinity":5,"b:31:8:31:18:31:18:31:28":2,"s:32:6:32:Infinity":6,"s:34:6:34:Infinity":7,"s:38:4:40:Infinity":8,"f:38:4:38:17":2,"b:39:6:40:Infinity:undefined:undefined:undefined:undefined":3,"s:39:6:40:Infinity":9,"s:40:8:40:Infinity":10,"s:45:2:77:Infinity":11,"b:48:8:55:Infinity:57:8:73:Infinity":4,"b:47:7:47:19:47:19:47:Infinity":5,"b:72:26:72:54:72:54:72:Infinity":6}}}
,"/Users/vikgamov/projects/ai/robocoders-jfokus-2026-kiro/src/services/ColorExtractor.ts": {"path":"/Users/vikgamov/projects/ai/robocoders-jfokus-2026-kiro/src/services/ColorExtractor.ts","statementMap":{"0":{"start":{"line":33,"column":8},"end":{"line":33,"column":null}},"1":{"start":{"line":36,"column":19},"end":{"line":36,"column":75}},"2":{"start":{"line":39,"column":4},"end":{"line":40,"column":null}},"3":{"start":{"line":40,"column":6},"end":{"line":40,"column":null}},"4":{"start":{"line":44,"column":4},"end":{"line":45,"column":null}},"5":{"start":{"line":45,"column":6},"end":{"line":45,"column":null}},"6":{"start":{"line":49,"column":25},"end":{"line":49,"column":58}},"7":{"start":{"line":50,"column":26},"end":{"line":50,"column":59}},"8":{"start":{"line":53,"column":27},"end":{"line":53,"column":65}},"9":{"start":{"line":55,"column":4},"end":{"line":55,"column":null}},"10":{"start":{"line":71,"column":26},"end":{"line":71,"column":28}},"11":{"start":{"line":72,"column":17},"end":{"line":72,"column":null}},"12":{"start":{"line":73,"column":23},"end":{"line":73,"column":null}},"13":{"start":{"line":75,"column":4},"end":{"line":90,"column":null}},"14":{"start":{"line":75,"column":17},"end":{"line":75,"column":20}},"15":{"start":{"line":76,"column":21},"end":{"line":76,"column":null}},"16":{"start":{"line":77,"column":18},"end":{"line":77,"column":null}},"17":{"start":{"line":78,"column":20},"end":{"line":78,"column":null}},"18":{"start":{"line":79,"column":19},"end":{"line":79,"column":null}},"19":{"start":{"line":82,"column":6},"end":{"line":86,"column":null}},"20":{"start":{"line":83,"column":28},"end":{"line":83,"column":null}},"21":{"start":{"line":84,"column":28},"end":{"line":84,"column":null}},"22":{"start":{"line":85,"column":8},"end":{"line":86,"column":null}},"23":{"start":{"line":86,"column":10},"end":{"line":86,"column":null}},"24":{"start":{"line":90,"column":6},"end":{"line":90,"column":null}},"25":{"start":{"line":93,"column":4},"end":{"line":93,"column":null}},"26":{"start":{"line":110,"column":22},"end":{"line":110,"column":57}},"27":{"start":{"line":112,"column":4},"end":{"line":147,"column":null}},"28":{"start":{"line":112,"column":25},"end":{"line":112,"column":28}},"29":{"start":{"line":114,"column":23},"end":{"line":114,"column":44}},"30":{"start":{"line":115,"column":6},"end":{"line":115,"column":null}},"31":{"start":{"line":115,"column":36},"end":{"line":115,"column":62}},"32":{"start":{"line":117,"column":6},"end":{"line":119,"column":null}},"33":{"start":{"line":118,"column":32},"end":{"line":118,"column":74}},"34":{"start":{"line":119,"column":8},"end":{"line":119,"column":null}},"35":{"start":{"line":123,"column":25},"end":{"line":123,"column":null}},"36":{"start":{"line":124,"column":34},"end":{"line":124,"column":36}},"37":{"start":{"line":126,"column":6},"end":{"line":138,"column":null}},"38":{"start":{"line":127,"column":8},"end":{"line":130,"column":null}},"39":{"start":{"line":129,"column":10},"end":{"line":129,"column":null}},"40":{"start":{"line":130,"column":10},"end":{"line":130,"column":null}},"41":{"start":{"line":133,"column":28},"end":{"line":133,"column":61}},"42":{"start":{"line":134,"column":8},"end":{"line":134,"column":null}},"43":{"start":{"line":137,"column":8},"end":{"line":138,"column":null}},"44":{"start":{"line":138,"column":10},"end":{"line":138,"column":null}},"45":{"start":{"line":143,"column":6},"end":{"line":143,"column":null}},"46":{"start":{"line":146,"column":6},"end":{"line":147,"column":null}},"47":{"start":{"line":147,"column":8},"end":{"line":147,"column":null}},"48":{"start":{"line":152,"column":26},"end":{"line":152,"column":47}},"49":{"start":{"line":153,"column":4},"end":{"line":153,"column":null}},"50":{"start":{"line":153,"column":34},"end":{"line":153,"column":65}},"51":{"start":{"line":155,"column":4},"end":{"line":157,"column":null}},"52":{"start":{"line":156,"column":30},"end":{"line":156,"column":72}},"53":{"start":{"line":157,"column":6},"end":{"line":157,"column":null}},"54":{"start":{"line":160,"column":4},"end":{"line":160,"column":null}},"55":{"start":{"line":171,"column":29},"end":{"line":171,"column":31}},"56":{"start":{"line":172,"column":24},"end":{"line":172,"column":41}},"57":{"start":{"line":175,"column":4},"end":{"line":179,"column":null}},"58":{"start":{"line":176,"column":26},"end":{"line":176,"column":67}},"59":{"start":{"line":177,"column":6},"end":{"line":179,"column":null}},"60":{"start":{"line":178,"column":8},"end":{"line":178,"column":null}},"61":{"start":{"line":179,"column":8},"end":{"line":179,"column":null}},"62":{"start":{"line":183,"column":4},"end":{"line":183,"column":null}},"63":{"start":{"line":194,"column":26},"end":{"line":194,"column":null}},"64":{"start":{"line":195,"column":22},"end":{"line":195,"column":64}},"65":{"start":{"line":197,"column":4},"end":{"line":201,"column":null}},"66":{"start":{"line":197,"column":17},"end":{"line":197,"column":20}},"67":{"start":{"line":198,"column":23},"end":{"line":198,"column":62}},"68":{"start":{"line":199,"column":6},"end":{"line":201,"column":null}},"69":{"start":{"line":200,"column":8},"end":{"line":200,"column":null}},"70":{"start":{"line":201,"column":8},"end":{"line":201,"column":null}},"71":{"start":{"line":205,"column":4},"end":{"line":205,"column":null}},"72":{"start":{"line":215,"column":4},"end":{"line":216,"column":null}},"73":{"start":{"line":216,"column":6},"end":{"line":216,"column":null}},"74":{"start":{"line":219,"column":17},"end":{"line":219,"column":null}},"75":{"start":{"line":220,"column":19},"end":{"line":220,"column":null}},"76":{"start":{"line":221,"column":18},"end":{"line":221,"column":null}},"77":{"start":{"line":223,"column":4},"end":{"line":226,"column":null}},"78":{"start":{"line":224,"column":6},"end":{"line":224,"column":null}},"79":{"start":{"line":225,"column":6},"end":{"line":225,"column":null}},"80":{"start":{"line":226,"column":6},"end":{"line":226,"column":null}},"81":{"start":{"line":229,"column":4},"end":{"line":233,"column":null}},"82":{"start":{"line":244,"column":18},"end":{"line":244,"column":null}},"83":{"start":{"line":245,"column":18},"end":{"line":245,"column":null}},"84":{"start":{"line":246,"column":18},"end":{"line":246,"column":null}},"85":{"start":{"line":247,"column":4},"end":{"line":247,"column":null}},"86":{"start":{"line":257,"column":30},"end":{"line":257,"column":null}},"87":{"start":{"line":258,"column":18},"end":{"line":258,"column":null}},"88":{"start":{"line":260,"column":4},"end":{"line":263,"column":null}},"89":{"start":{"line":261,"column":6},"end":{"line":263,"column":null}},"90":{"start":{"line":262,"column":8},"end":{"line":262,"column":null}},"91":{"start":{"line":263,"column":8},"end":{"line":263,"column":null}},"92":{"start":{"line":267,"column":4},"end":{"line":267,"column":null}}},"fnMap":{"0":{"name":"(anonymous_0)","decl":{"start":{"line":25,"column":2},"end":{"line":25,"column":null}},"loc":{"start":{"line":28,"column":9},"end":{"line":55,"column":null}},"line":28},"1":{"name":"(anonymous_1)","decl":{"start":{"line":66,"column":2},"end":{"line":66,"column":10}},"loc":{"start":{"line":70,"column":11},"end":{"line":93,"column":null}},"line":70},"2":{"name":"(anonymous_2)","decl":{"start":{"line":104,"column":2},"end":{"line":104,"column":10}},"loc":{"start":{"line":108,"column":21},"end":{"line":160,"column":null}},"line":108},"3":{"name":"(anonymous_3)","decl":{"start":{"line":115,"column":16},"end":{"line":115,"column":24}},"loc":{"start":{"line":115,"column":36},"end":{"line":115,"column":62}},"line":115},"4":{"name":"(anonymous_4)","decl":{"start":{"line":153,"column":14},"end":{"line":153,"column":22}},"loc":{"start":{"line":153,"column":34},"end":{"line":153,"column":65}},"line":153},"5":{"name":"(anonymous_5)","decl":{"start":{"line":170,"column":2},"end":{"line":170,"column":10}},"loc":{"start":{"line":170,"column":63},"end":{"line":183,"column":null}},"line":170},"6":{"name":"(anonymous_6)","decl":{"start":{"line":193,"column":2},"end":{"line":193,"column":10}},"loc":{"start":{"line":193,"column":65},"end":{"line":205,"column":null}},"line":193},"7":{"name":"(anonymous_7)","decl":{"start":{"line":214,"column":2},"end":{"line":214,"column":10}},"loc":{"start":{"line":214,"column":44},"end":{"line":233,"column":null}},"line":214},"8":{"name":"(anonymous_8)","decl":{"start":{"line":243,"column":2},"end":{"line":243,"column":10}},"loc":{"start":{"line":243,"column":58},"end":{"line":247,"column":null}},"line":243},"9":{"name":"(anonymous_9)","decl":{"start":{"line":256,"column":2},"end":{"line":256,"column":10}},"loc":{"start":{"line":256,"column":61},"end":{"line":267,"column":null}},"line":256}},"branchMap":{"0":{"loc":{"start":{"line":27,"column":4},"end":{"line":27,"column":44}},"type":"default-arg","locations":[{"start":{"line":27,"column":42},"end":{"line":27,"column":44}}],"line":27},"1":{"loc":{"start":{"line":30,"column":6},"end":{"line":30,"column":null}},"type":"default-arg","locations":[{"start":{"line":30,"column":23},"end":{"line":30,"column":null}}],"line":30},"2":{"loc":{"start":{"line":31,"column":6},"end":{"line":31,"column":null}},"type":"default-arg","locations":[{"start":{"line":31,"column":17},"end":{"line":31,"column":null}}],"line":31},"3":{"loc":{"start":{"line":32,"column":6},"end":{"line":32,"column":null}},"type":"default-arg","locations":[{"start":{"line":32,"column":19},"end":{"line":32,"column":null}}],"line":32},"4":{"loc":{"start":{"line":39,"column":4},"end":{"line":40,"column":null}},"type":"if","locations":[{"start":{"line":39,"column":4},"end":{"line":40,"column":null}},{"start":{},"end":{}}],"line":39},"5":{"loc":{"start":{"line":44,"column":4},"end":{"line":45,"column":null}},"type":"if","locations":[{"start":{"line":44,"column":4},"end":{"line":45,"column":null}},{"start":{},"end":{}}],"line":44},"6":{"loc":{"start":{"line":82,"column":6},"end":{"line":86,"column":null}},"type":"if","locations":[{"start":{"line":82,"column":6},"end":{"line":86,"column":null}},{"start":{},"end":{}}],"line":82},"7":{"loc":{"start":{"line":83,"column":28},"end":{"line":83,"column":null}},"type":"binary-expr","locations":[{"start":{"line":83,"column":28},"end":{"line":83,"column":41}},{"start":{"line":83,"column":41},"end":{"line":83,"column":56}},{"start":{"line":83,"column":56},"end":{"line":83,"column":null}}],"line":83},"8":{"loc":{"start":{"line":84,"column":28},"end":{"line":84,"column":null}},"type":"binary-expr","locations":[{"start":{"line":84,"column":28},"end":{"line":84,"column":43}},{"start":{"line":84,"column":43},"end":{"line":84,"column":60}},{"start":{"line":84,"column":60},"end":{"line":84,"column":null}}],"line":84},"9":{"loc":{"start":{"line":85,"column":8},"end":{"line":86,"column":null}},"type":"if","locations":[{"start":{"line":85,"column":8},"end":{"line":86,"column":null}},{"start":{},"end":{}}],"line":85},"10":{"loc":{"start":{"line":85,"column":12},"end":{"line":85,"column":40}},"type":"binary-expr","locations":[{"start":{"line":85,"column":12},"end":{"line":85,"column":27}},{"start":{"line":85,"column":27},"end":{"line":85,"column":40}}],"line":85},"11":{"loc":{"start":{"line":107,"column":4},"end":{"line":107,"column":null}},"type":"default-arg","locations":[{"start":{"line":107,"column":28},"end":{"line":107,"column":null}}],"line":107},"12":{"loc":{"start":{"line":127,"column":8},"end":{"line":130,"column":null}},"type":"if","locations":[{"start":{"line":127,"column":8},"end":{"line":130,"column":null}},{"start":{},"end":{}}],"line":127},"13":{"loc":{"start":{"line":137,"column":8},"end":{"line":138,"column":null}},"type":"if","locations":[{"start":{"line":137,"column":8},"end":{"line":138,"column":null}},{"start":{},"end":{}}],"line":137},"14":{"loc":{"start":{"line":146,"column":6},"end":{"line":147,"column":null}},"type":"if","locations":[{"start":{"line":146,"column":6},"end":{"line":147,"column":null}},{"start":{},"end":{}}],"line":146},"15":{"loc":{"start":{"line":175,"column":11},"end":{"line":175,"column":69}},"type":"binary-expr","locations":[{"start":{"line":175,"column":11},"end":{"line":175,"column":35}},{"start":{"line":175,"column":35},"end":{"line":175,"column":69}}],"line":175},"16":{"loc":{"start":{"line":177,"column":6},"end":{"line":179,"column":null}},"type":"if","locations":[{"start":{"line":177,"column":6},"end":{"line":179,"column":null}},{"start":{},"end":{}}],"line":177},"17":{"loc":{"start":{"line":199,"column":6},"end":{"line":201,"column":null}},"type":"if","locations":[{"start":{"line":199,"column":6},"end":{"line":201,"column":null}},{"start":{},"end":{}}],"line":199},"18":{"loc":{"start":{"line":215,"column":4},"end":{"line":216,"column":null}},"type":"if","locations":[{"start":{"line":215,"column":4},"end":{"line":216,"column":null}},{"start":{},"end":{}}],"line":215},"19":{"loc":{"start":{"line":261,"column":6},"end":{"line":263,"column":null}},"type":"if","locations":[{"start":{"line":261,"column":6},"end":{"line":263,"column":null}},{"start":{},"end":{}}],"line":261}},"s":{"0":15,"1":15,"2":15,"3":1,"4":14,"5":1,"6":13,"7":13,"8":13,"9":13,"10":15,"11":15,"12":15,"13":15,"14":15,"15":111601,"16":111601,"17":111601,"18":111601,"19":111601,"20":111576,"21":111576,"22":111576,"23":5000,"24":106601,"25":15,"26":13,"27":13,"28":13,"29":15,"30":15,"31":72,"32":15,"33":117850,"34":117850,"35":15,"36":15,"37":15,"38":72,"39":51,"40":51,"41":21,"42":21,"43":21,"44":2,"45":15,"46":15,"47":13,"48":15,"49":15,"50":66,"51":15,"52":106600,"53":106600,"54":13,"55":13,"56":13,"57":13,"58":67,"59":67,"60":66,"61":66,"62":13,"63":224450,"64":224450,"65":224450,"66":224450,"67":867800,"68":867800,"69":16939,"70":16939,"71":224450,"72":21,"73":0,"74":21,"75":21,"76":21,"77":21,"78":117850,"79":117850,"80":117850,"81":21,"82":1092271,"83":1092271,"84":1092271,"85":1092271,"86":13,"87":13,"88":13,"89":66,"90":15,"91":15,"92":13},"f":{"0":15,"1":15,"2":13,"3":72,"4":66,"5":13,"6":224450,"7":21,"8":1092271,"9":13},"b":{"0":[15],"1":[15],"2":[15],"3":[15],"4":[1,14],"5":[1,13],"6":[111576,25],"7":[111576,8562,5625],"8":[111576,18088,2500],"9":[5000,106576],"10":[111576,109076],"11":[13],"12":[51,21],"13":[2,19],"14":[13,2],"15":[13,67],"16":[66,1],"17":[16939,850861],"18":[0,21],"19":[15,51]},"meta":{"lastBranch":20,"lastFunction":10,"lastStatement":93,"seen":{"f:25:2:25:Infinity":0,"b:27:42:27:44":0,"s:33:8:33:Infinity":0,"b:30:23:30:Infinity":1,"b:31:17:31:Infinity":2,"b:32:19:32:Infinity":3,"s:36:19:36:75":1,"b:39:4:40:Infinity:undefined:undefined:undefined:undefined":4,"s:39:4:40:Infinity":2,"s:40:6:40:Infinity":3,"b:44:4:45:Infinity:undefined:undefined:undefined:undefined":5,"s:44:4:45:Infinity":4,"s:45:6:45:Infinity":5,"s:49:25:49:58":6,"s:50:26:50:59":7,"s:53:27:53:65":8,"s:55:4:55:Infinity":9,"f:66:2:66:10":1,"s:71:26:71:28":10,"s:72:17:72:Infinity":11,"s:73:23:73:Infinity":12,"s:75:4:90:Infinity":13,"s:75:17:75:20":14,"s:76:21:76:Infinity":15,"s:77:18:77:Infinity":16,"s:78:20:78:Infinity":17,"s:79:19:79:Infinity":18,"b:82:6:86:Infinity:undefined:undefined:undefined:undefined":6,"s:82:6:86:Infinity":19,"s:83:28:83:Infinity":20,"b:83:28:83:41:83:41:83:56:83:56:83:Infinity":7,"s:84:28:84:Infinity":21,"b:84:28:84:43:84:43:84:60:84:60:84:Infinity":8,"b:85:8:86:Infinity:undefined:undefined:undefined:undefined":9,"s:85:8:86:Infinity":22,"b:85:12:85:27:85:27:85:40":10,"s:86:10:86:Infinity":23,"s:90:6:90:Infinity":24,"s:93:4:93:Infinity":25,"f:104:2:104:10":2,"b:107:28:107:Infinity":11,"s:110:22:110:57":26,"s:112:4:147:Infinity":27,"s:112:25:112:28":28,"s:114:23:114:44":29,"s:115:6:115:Infinity":30,"f:115:16:115:24":3,"s:115:36:115:62":31,"s:117:6:119:Infinity":32,"s:118:32:118:74":33,"s:119:8:119:Infinity":34,"s:123:25:123:Infinity":35,"s:124:34:124:36":36,"s:126:6:138:Infinity":37,"b:127:8:130:Infinity:undefined:undefined:undefined:undefined":12,"s:127:8:130:Infinity":38,"s:129:10:129:Infinity":39,"s:130:10:130:Infinity":40,"s:133:28:133:61":41,"s:134:8:134:Infinity":42,"b:137:8:138:Infinity:undefined:undefined:undefined:undefined":13,"s:137:8:138:Infinity":43,"s:138:10:138:Infinity":44,"s:143:6:143:Infinity":45,"b:146:6:147:Infinity:undefined:undefined:undefined:undefined":14,"s:146:6:147:Infinity":46,"s:147:8:147:Infinity":47,"s:152:26:152:47":48,"s:153:4:153:Infinity":49,"f:153:14:153:22":4,"s:153:34:153:65":50,"s:155:4:157:Infinity":51,"s:156:30:156:72":52,"s:157:6:157:Infinity":53,"s:160:4:160:Infinity":54,"f:170:2:170:10":5,"s:171:29:171:31":55,"s:172:24:172:41":56,"s:175:4:179:Infinity":57,"b:175:11:175:35:175:35:175:69":15,"s:176:26:176:67":58,"b:177:6:179:Infinity:undefined:undefined:undefined:undefined":16,"s:177:6:179:Infinity":59,"s:178:8:178:Infinity":60,"s:179:8:179:Infinity":61,"s:183:4:183:Infinity":62,"f:193:2:193:10":6,"s:194:26:194:Infinity":63,"s:195:22:195:64":64,"s:197:4:201:Infinity":65,"s:197:17:197:20":66,"s:198:23:198:62":67,"b:199:6:201:Infinity:undefined:undefined:undefined:undefined":17,"s:199:6:201:Infinity":68,"s:200:8:200:Infinity":69,"s:201:8:201:Infinity":70,"s:205:4:205:Infinity":71,"f:214:2:214:10":7,"b:215:4:216:Infinity:undefined:undefined:undefined:undefined":18,"s:215:4:216:Infinity":72,"s:216:6:216:Infinity":73,"s:219:17:219:Infinity":74,"s:220:19:220:Infinity":75,"s:221:18:221:Infinity":76,"s:223:4:226:Infinity":77,"s:224:6:224:Infinity":78,"s:225:6:225:Infinity":79,"s:226:6:226:Infinity":80,"s:229:4:233:Infinity":81,"f:243:2:243:10":8,"s:244:18:244:Infinity":82,"s:245:18:245:Infinity":83,"s:246:18:246:Infinity":84,"s:247:4:247:Infinity":85,"f:256:2:256:10":9,"s:257:30:257:Infinity":86,"s:258:18:258:Infinity":87,"s:260:4:263:Infinity":88,"b:261:6:263:Infinity:undefined:undefined:undefined:undefined":19,"s:261:6:263:Infinity":89,"s:262:8:262:Infinity":90,"s:263:8:263:Infinity":91,"s:267:4:267:Infinity":92}}}
,"/Users/vikgamov/projects/ai/robocoders-jfokus-2026-kiro/src/services/ShellyController.ts": {"path":"/Users/vikgamov/projects/ai/robocoders-jfokus-2026-kiro/src/services/ShellyController.ts","statementMap":{"0":{"start":{"line":34,"column":37},"end":{"line":34,"column":null}},"1":{"start":{"line":35,"column":31},"end":{"line":35,"column":null}},"2":{"start":{"line":36,"column":34},"end":{"line":36,"column":null}},"3":{"start":{"line":37,"column":65},"end":{"line":37,"column":null}},"4":{"start":{"line":38,"column":47},"end":{"line":38,"column":null}},"5":{"start":{"line":39,"column":53},"end":{"line":39,"column":55}},"6":{"start":{"line":40,"column":37},"end":{"line":40,"column":null}},"7":{"start":{"line":43,"column":4},"end":{"line":43,"column":null}},"8":{"start":{"line":51,"column":19},"end":{"line":57,"column":6}},"9":{"start":{"line":59,"column":4},"end":{"line":59,"column":null}},"10":{"start":{"line":70,"column":4},"end":{"line":93,"column":null}},"11":{"start":{"line":71,"column":6},"end":{"line":87,"column":null}},"12":{"start":{"line":72,"column":23},"end":{"line":72,"column":56}},"13":{"start":{"line":75,"column":8},"end":{"line":82,"column":null}},"14":{"start":{"line":76,"column":10},"end":{"line":76,"column":null}},"15":{"start":{"line":77,"column":10},"end":{"line":77,"column":null}},"16":{"start":{"line":79,"column":10},"end":{"line":79,"column":null}},"17":{"start":{"line":81,"column":10},"end":{"line":82,"column":null}},"18":{"start":{"line":82,"column":12},"end":{"line":82,"column":null}},"19":{"start":{"line":86,"column":8},"end":{"line":86,"column":null}},"20":{"start":{"line":90,"column":6},"end":{"line":91,"column":null}},"21":{"start":{"line":91,"column":8},"end":{"line":91,"column":null}},"22":{"start":{"line":102,"column":4},"end":{"line":103,"column":null}},"23":{"start":{"line":103,"column":6},"end":{"line":103,"column":null}},"24":{"start":{"line":106,"column":4},"end":{"line":106,"column":null}},"25":{"start":{"line":108,"column":4},"end":{"line":111,"column":null}},"26":{"start":{"line":109,"column":22},"end":{"line":109,"column":47}},"27":{"start":{"line":110,"column":6},"end":{"line":111,"column":null}},"28":{"start":{"line":111,"column":8},"end":{"line":111,"column":null}},"29":{"start":{"line":115,"column":4},"end":{"line":115,"column":null}},"30":{"start":{"line":124,"column":23},"end":{"line":124,"column":44}},"31":{"start":{"line":125,"column":22},"end":{"line":125,"column":72}},"32":{"start":{"line":125,"column":39},"end":{"line":125,"column":57}},"33":{"start":{"line":127,"column":4},"end":{"line":185,"column":null}},"34":{"start":{"line":128,"column":18},"end":{"line":128,"column":46}},"35":{"start":{"line":129,"column":23},"end":{"line":132,"column":8}},"36":{"start":{"line":134,"column":6},"end":{"line":134,"column":null}},"37":{"start":{"line":136,"column":6},"end":{"line":140,"column":null}},"38":{"start":{"line":137,"column":8},"end":{"line":140,"column":null}},"39":{"start":{"line":143,"column":19},"end":{"line":143,"column":40}},"40":{"start":{"line":147,"column":35},"end":{"line":154,"column":null}},"41":{"start":{"line":156,"column":6},"end":{"line":159,"column":null}},"42":{"start":{"line":161,"column":6},"end":{"line":161,"column":null}},"43":{"start":{"line":164,"column":6},"end":{"line":177,"column":null}},"44":{"start":{"line":165,"column":8},"end":{"line":169,"column":null}},"45":{"start":{"line":166,"column":10},"end":{"line":169,"column":null}},"46":{"start":{"line":173,"column":8},"end":{"line":177,"column":null}},"47":{"start":{"line":174,"column":10},"end":{"line":177,"column":null}},"48":{"start":{"line":182,"column":6},"end":{"line":185,"column":null}},"49":{"start":{"line":195,"column":19},"end":{"line":195,"column":41}},"50":{"s
[...]
,"column":null}},"line":177},"8":{"name":"(anonymous_8)","decl":{"start":{"line":207,"column":4},"end":{"line":207,"column":24}},"loc":{"start":{"line":207,"column":24},"end":{"line":226,"column":null}},"line":207},"9":{"name":"(anonymous_9)","decl":{"start":{"line":230,"column":4},"end":{"line":230,"column":41}},"loc":{"start":{"line":230,"column":41},"end":{"line":231,"column":null}},"line":230},"10":{"name":"(anonymous_10)","decl":{"start":{"line":234,"column":4},"end":{"line":234,"column":24}},"loc":{"start":{"line":234,"column":24},"end":{"line":235,"column":null}},"line":234}},"branchMap":{"0":{"loc":{"start":{"line":75,"column":4},"end":{"line":87,"column":null}},"type":"if","locations":[{"start":{"line":75,"column":4},"end":{"line":87,"column":null}},{"start":{},"end":{}}],"line":75},"1":{"loc":{"start":{"line":76,"column":6},"end":{"line":87,"column":null}},"type":"switch","locations":[{"start":{"line":77,"column":8},"end":{"line":77,"column":null}},{"start":{"line":78,"column":8},"end":{"line":79,"column":null}},{"start":{"line":80,"column":8},"end":{"line":80,"column":null}},{"start":{"line":81,"column":8},"end":{"line":82,"column":null}},{"start":{"line":83,"column":8},"end":{"line":83,"column":null}},{"start":{"line":84,"column":8},"end":{"line":85,"column":null}},{"start":{"line":86,"column":8},"end":{"line":87,"column":null}}],"line":76},"2":{"loc":{"start":{"line":97,"column":4},"end":{"line":98,"column":null}},"type":"if","locations":[{"start":{"line":97,"column":4},"end":{"line":98,"column":null}},{"start":{},"end":{}}],"line":97},"3":{"loc":{"start":{"line":97,"column":8},"end":{"line":97,"column":66}},"type":"binary-expr","locations":[{"start":{"line":97,"column":8},"end":{"line":97,"column":28}},{"start":{"line":97,"column":28},"end":{"line":97,"column":45}},{"start":{"line":97,"column":45},"end":{"line":97,"column":56}},{"start":{"line":97,"column":56},"end":{"line":97,"column":66}}],"line":97},"4":{"loc":{"start":{"line":103,"column":4},"end":{"line":105,"column":null}},"type":"if","locations":[{"start":{"line":103,"column":4},"end":{"line":105,"column":null}},{"start":{},"end":{}}],"line":103},"5":{"loc":{"start":{"line":111,"column":4},"end":{"line":113,"column":null}},"type":"if","locations":[{"start":{"line":111,"column":4},"end":{"line":113,"column":null}},{"start":{},"end":{}}],"line":111},"6":{"loc":{"start":{"line":117,"column":4},"end":{"line":119,"column":null}},"type":"if","locations":[{"start":{"line":117,"column":4},"end":{"line":119,"column":null}},{"start":{},"end":{}}],"line":117},"7":{"loc":{"start":{"line":117,"column":8},"end":{"line":117,"column":96}},"type":"binary-expr","locations":[{"start":{"line":117,"column":8},"end":{"line":117,"column":52}},{"start":{"line":117,"column":52},"end":{"line":117,"column":96}}],"line":117},"8":{"loc":{"start":{"line":139,"column":8},"end":{"line":142,"column":null}},"type":"if","locations":[{"start":{"line":139,"column":8},"end":{"line":142,"column":null}},{"start":{},"end":{}}],"line":139},"9":{"loc":{"start":{"line":147,"column":17},"end":{"line":149,"column":null}},"type":"cond-expr","locations":[{"start":{"line":148,"column":14},"end":{"line":148,"column":47}},{"start":{"line":149,"column":14},"end":{"line":149,"column":null}}],"line":147},"10":{"loc":{"start":{"line":185,"column":6},"end":{"line":187,"column":null}},"type":"if","locations":[{"start":{"line":185,"column":6},"end":{"line":187,"column":null}},{"start":{},"end":{}}],"line":185},"11":{"loc":{"start":{"line":191,"column":6},"end":{"line":194,"column":null}},"type":"if","locations":[{"start":{"line":191,"column":6},"end":{"line":194,"column":null}},{"start":{},"end":{}}],"line":191},"12":{"loc":{"start":{"line":198,"column":6},"end":{"line":199,"column":null}},"type":"if","locations":[{"start":{"line":198,"column":6},"end":{"line":199,"column":null}},{"start":{},"end":{}}],"line":198},"13":{"loc":{"start":{"line":209,"column":6},"end":{"line":211,"column":null}},"type":"if","locations":[{"start":{"line":209,"column":6},"end":{"line":211,"column":null}},{"start":{},"end":{}}],"line":209},"14":{"loc":{"start":{"line":218,"column":6},"end":{"line":220,"column":null}},"type":"if","locations":[{"start":{"line":218,"column":6},"end":{"line":220,"column":null}},{"start":{},"end":{}}],"line":218},"15":{"loc":{"start":{"line":225,"column":6},"end":{"line":226,"column":null}},"type":"if","locations":[{"start":{"line":225,"column":6},"end":{"line":226,"column":null}},{"start":{},"end":{}}],"line":225},"16":{"loc":{"start":{"line":225,"column":10},"end":{"line":225,"column":29}},"type":"binary-expr","locations":[{"start":{"line":225,"column":10},"end":{"line":225,"column":20}},{"start":{"line":225,"column":20},"end":{"line":225,"column":29}}],"line":225},"17":{"loc":{"start":{"line":235,"column":13},"end":{"line":235,"column":null}},"type":"binary-expr","locations":[{"start":{"line":235,"column":13},"end":{"line":235,"column":23}},{"start":{"line":235,"column":23},"end":{"line":235,"column":null}}],"line":235}},"s":{"0":45,"1":45,"2":45,"3":45,"4":45,"5":45,"6":45,"7":45,"8":45,"9":13,"10":12,"11":7,"12":2,"13":2,"14":1,"15":1,"16":341,"17":3,"18":338,"19":338,"20":194,"21":194,"22":144,"23":144,"24":1,"25":1,"26":143,"27":8,"28":8,"29":143,"30":143,"31":143,"32":143,"33":45,"34":42,"35":42,"36":7,"37":7,"38":7,"39":7,"40":42,"41":42,"42":29,"43":29,"44":29,"45":13,"46":13,"47":13,"48":6,"49":6,"50":5,"51":5,"52":1,"53":1,"54":12,"55":12,"56":12,"57":12,"58":11,"59":11,"60":12,"61":12,"62":12,"63":12,"64":12,"65":11,"66":12,"67":12,"68":7,"69":4,"70":4,"71":7,"72":7,"73":4,"74":4,"75":7,"76":6,"77":10,"78":12},"f":{"0":45,"1":13,"2":341,"3":42,"4":7,"5":6,"6":5,"7":12,"8":7,"9":10,"10":12},"b":{"0":[12,1],"1":[6,7,1,2,1,2,1],"2":[3,338],"3":[341,338,338,338],"4":[194,144],"5":[1,143],"6":[8,135],"7":[143,135],"8":[7,35],"9":[8,34],"10":[11,1],"11":[12,0],"12":[11,1],"13":[4,3],"14":[4,3],"15":[6,1],"16":[7,6],"17":[12,7]},"meta":{"lastBranch":18,"lastFunction":11,"lastStatement":79,"seen":{"f:60:16:60:53":0,"s:61:42:61:Infinity":0,"s:62:15:62:Infinity":1,"s:63:40:63:Infinity":2,"s:64:41:64:Infinity":3,"s:65:49:65:Infinity":4,"s:66:46:66:Infinity":5,"s:67:22:67:Infinity":6,"s:68:22:68:Infinity":7,"s:69:65:69:Infinity":8,"f:74:11:74:20":1,"b:75:4:87:Infinity:undefined:undefined:undefined:undefined":0,"s:75:4:87:Infinity":9,"b:77:8:77:Infinity:78:8:79:Infinity:80:8:80:Infinity:81:8:82:Infinity:83:8:83:Infinity:84:8:85:Infinity:86:8:87:Infinity":1,"s:76:6:87:Infinity":10,"s:79:10:79:Infinity":11,"s:82:10:82:Infinity":12,"s:85:10:85:Infinity":13,"s:87:10:87:Infinity":14,"s:90:4:90:Infinity":15,"f:96:11:96:24":2,"b:97:4:98:Infinity:undefined:undefined:undefined:undefined":2,"s:97:4:98:Infinity":16,"b:97:8:97:28:97:28:97:45:97:45:97:56:97:56:97:66":3,"s:98:6:98:Infinity":17,"s:102:20:102:Infinity":18,"b:103:4:105:Infinity:undefined:undefined:undefined:undefined":4,"s:103:4:105:Infinity":19,"s:104:6:104:Infinity":20,"s:105:6:105:Infinity":21,"s:108:4:108:Infinity":22,"b:111:4:113:Infinity:undefined:undefined:undefined:undefined":5,"s:111:4:113:Infinity":23,"s:112:6:112:Infinity":24,"s:113:6:113:Infinity":25,"b:117:4:119:Infinity:undefined:undefined:undefined:undefined":6,"s:117:4:119:Infinity":26,"b:117:8:117:52:117:52:117:96":7,"s:118:6:118:Infinity":27,"s:119:6:119:Infinity":28,"s:123:4:123:Infinity":29,"s:126:22:126:77":30,"s:129:4:129:Infinity":31,"s:132:4:132:Infinity":32,"s:135:2:237:Infinity":33,"f:136:10:136:21":3,"s:137:6:163:Infinity":34,"b:139:8:142:Infinity:undefined:undefined:undefined:undefined":8,"s:139:8:142:Infinity":35,"s:140:10:140:Infinity":36,"f:140:36:140:44":4,"s:140:53:140:65":37,"s:141:10:141:Infinity":38,"s:142:10:142:Infinity":39,"s:146:52:151:Infinity":40,"b:148:14:148:47:149:14:149:Infinity":9,"s:154:23:154:77":41,"s:156:8:156:Infinity":42,"s:157:8:157:Infinity":43,"s:159:8:159:Infinity":44,"s:161:8:161:Infinity":45,"s:162:8:162:Infinity":46,"s:163:8:163:Infinity":47,"f:167:10:167:60":5,"s:168:6:173:Infinity":48,"s:169:24:169:71":49,"s:170:8:170:Infinity":50,"f:170:23:170:30":6,"s:170:40:170:69":51,"s:172:8:172:Infinity":52,"s:173:8:173:Infinity":53,"f:177:4:177:17":7,"s:179:24:179:41":54,"s:180:6:180:Infinity":55,"s:182:6:182:Infinity":56,"b:185:6:187:Infinity:undefined:undefined:undefined:undefined":10,"s:185:6:187:Infinity":57,"s:186:8:186:Infinity":58,"s:187:8:187:Infinity":59,"b:191:6:194:Infinity:undefined:undefined:undefined:undefined":11,"s:191:6:194:Infinity":60,"s:192:8:192:Infinity":61,"s:193:8:193:Infinity":62,"s:194:8:194:Infinity":63,"b:198:6:199:Infinity:undefined:undefined:undefined:undefined":12,"s:198:6:199:Infinity":64,"s:199:8:199:Infinity":65,"s:203:6:203:Infinity":66,"s:204:6:204:Infinity":67,"f:207:4:207:24":8,"b:209:6:211:Infinity:undefined:undefined:undefined:undefined":13,"s:209:6:211:Infinity":68,"s:210:8:210:Infinity":69,"s:211:8:211:Infinity":70,"s:215:6:215:Infinity":71,"b:218:6:220:Infinity:undefined:undefined:undefined:undefined":14,"s:218:6:220:Infinity":72,"s:219:8:219:Infinity":73,"s:220:8:220:Infinity":74,"b:225:6:226:Infinity:undefined:undefined:undefined:undefined":15,"s:225:6:226:Infinity":75,"b:225:10:225:20:225:20:225:29":16,"s:226:8:226:Infinity":76,"f:230:4:230:41":9,"s:231:6:231:Infinity":77,"f:234:4:234:24":10,"s:235:6:235:Infinity":78,"b:235:13:235:23:235:23:235:Infinity":17}}}
,"/Users/vikgamov/projects/ai/robocoders-jfokus-2026-kiro/src/types/index.ts": {"path":"/Users/vikgamov/projects/ai/robocoders-jfokus-2026-kiro/src/types/index.ts","statementMap":{},"fnMap":{},"branchMap":{},"s":{},"f":{},"b":{},"meta":{"lastBranch":0,"lastFunction":0,"lastStatement":0,"seen":{}}}
,"/Users/vikgamov/projects/ai/robocoders-jfokus-2026-kiro/src/utils/ConfigManager.ts": {"path":"/Users/vikgamov/projects/ai/robocoders-jfokus-2026-kiro/src/utils/ConfigManager.ts","statementMap":{"0":{"start":{"line":3,"column":20},"end":{"line":3,"column":null}},"1":{"start":{"line":6,"column":34},"end":{"line":12,"column":null}},"2":{"start":{"line":15,"column":25},"end":{"line":15,"column":null}},"3":{"start":{"line":22,"column":4},"end":{"line":37,"column":null}},"4":{"start":{"line":23,"column":21},"end":{"line":23,"column":54}},"5":{"start":{"line":24,"column":6},"end":{"line":25,"column":null}},"6":{"start":{"line":25,"column":8},"end":{"line":25,"column":null}},"7":{"start":{"line":28,"column":21},"end":{"line":28,"column":39}},"8":{"start":{"line":31,"column":6},"end":{"line":34,"column":null}},"9":{"start":{"line":36,"column":6},"end":{"line":36,"column":null}},"10":{"start":{"line":37,"column":6},"end":{"line":37,"column":null}},"11":{"start":{"line":45,"column":4},"end":{"line":77,"column":null}},"12":{"start":{"line":46,"column":22},"end":{"line":46,"column":38}},"13":{"start":{"line":49,"column":6},"end":{"line":51,"column":null}},"14":{"start":{"line":50,"column":8},"end":{"line":51,"column":null}},"15":{"start":{"line":51,"column":10},"end":{"line":51,"column":null}},"16":{"start":{"line":56,"column":6},"end":{"line":58,"column":null}},"17":{"start":{"line":57,"column":8},"end":{"line":58,"column":null}},"18":{"start":{"line":58,"column":10},"end":{"line":58,"column":null}},"19":{"start":{"line":63,"column":6},"end":{"line":65,"column":null}},"20":{"start":{"line":64,"column":8},"end":{"line":65,"column":null}},"21":{"start":{"line":65,"column":10},"end":{"line":65,"column":null}},"22":{"start":{"line":69,"column":22},"end":{"line":72,"column":null}},"23":{"start":{"line":74,"column":6},"end":{"line":74,"column":null}},"24":{"start":{"line":76,"column":6},"end":{"line":76,"column":null}},"25":{"start":{"line":77,"column":6},"end":{"line":77,"column":null}},"26":{"start":{"line":85,"column":4},"end":{"line":85,"column":null}},"27":{"start":{"line":92,"column":4},"end":{"line":96,"column":null}},"28":{"start":{"line":93,"column":6},"end":{"line":93,"column":null}},"29":{"start":{"line":95,"column":6},"end":{"line":95,"column":null}},"30":{"start":{"line":96,"column":6},"end":{"line":96,"column":null}},"31":{"start":{"line":102,"column":29},"end":{"line":102,"column":48}}},"fnMap":{"0":{"name":"(anonymous_0)","decl":{"start":{"line":21,"column":2},"end":{"line":21,"column":25}},"loc":{"start":{"line":21,"column":25},"end":{"line":37,"column":null}},"line":21},"1":{"name":"(anonymous_1)","decl":{"start":{"line":44,"column":2},"end":{"line":44,"column":15}},"loc":{"start":{"line":44,"column":49},"end":{"line":77,"column":null}},"line":44},"2":{"name":"(anonymous_2)","decl":{"start":{"line":84,"column":2},"end":{"line":84,"column":20}},"loc":{"start":{"line":84,"column":41},"end":{"line":85,"column":null}},"line":84},"3":{"name":"(anonymous_3)","decl":{"start":{"line":91,"column":2},"end":{"line":91,"column":26}},"loc":{"start":{"line":91,"column":26},"end":{"line":96,"column":null}},"line":91}},"branchMap":{"0":{"loc":{"start":{"line":24,"column":6},"end":{"line":25,"column":null}},"type":"if","locations":[{"start":{"line":24,"column":6},"end":{"line":25,"column":null}},{"start":{},"end":{}}],"line":24},"1":{"loc":{"start":{"line":49,"column":6},"end":{"line":51,"column":null}},"type":"if","locations":[{"start":{"line":49,"column":6},"end":{"line":51,"column":null}},{"start":{},"end":{}}],"line":49},"2":{"loc":{"start":{"line":50,"column":8},"end":{"line":51,"column":null}},"type":"if","locations":[{"start":{"line":50,"column":8},"end":{"line":51,"column":null}},{"start":{},"end":{}}],"line":50},"3":{"loc":{"start":{"line":56,"column":6},"end":{"line":58,"column":null}},"type":"if","locations":[{"start":{"line":56,"column":6},"end":{"line":58,"column":null}},{"start":{},"end":{}}],"line":56},"4":{"loc":{"start":{"line":57,"column":8},"end":{"line":58,"column":null}},"type":"if","locations":[{"start":{"line":57,"column":8},"end":{"line":58,"column":null}},{"start":{},"end":{}}],"line":57},"5":{"loc":{"start":{"line":57,"column":12},"end":{"line":57,"column":73}},"type":"binary-expr","locations":[{"start":{"line":57,"column":12},"end":{"line":57,"column":43}},{"start":{"line":57,"column":43},"end":{"line":57,"column":73}}],"line":57},"6":{"loc":{"start":{"line":63,"column":6},"end":{"line":65,"column":null}},"type":"if","locations":[{"start":{"line":63,"column":6},"end":{"line":65,"column":null}},{"start":{},"end":{}}],"line":63},"7":{"loc":{"start":{"line":64,"column":8},"end":{"line":65,"column":null}},"type":"if","locations":[{"start":{"line":64,"column":8},"end":{"line":65,"column":null}},{"start":{},"end":{}}],"line":64},"8":{"loc":{"start":{"line":64,"column":12},"end":{"line":64,"column":82}},"type":"binary-expr","locations":[{"start":{"line":64,"column":12},"end":{"line":64,"column":47}},{"start":{"line":64,"column":47},"end":{"line":64,"column":82}}],"line":64}},"s":{"0":1,"1":1,"2":1,"3":24,"4":24,"5":24,"6":14,"7":8,"8":8,"9":3,"10":3,"11":16,"12":16,"13":16,"14":7,"15":3,"16":13,"17":6,"18":2,"19":11,"20":4,"21":2,"22":9,"23":9,"24":8,"25":8,"26":22,"27":2,"28":2,"29":0,"30":0,"31":1},"f":{"0":24,"1":16,"2":22,"3":2},"b":{"0":[14,10],"1":[7,9],"2":[3,4],"3":[6,7],"4":[2,4],"5":[6,5],"6":[4,7],"7":[2,2],"8":[4,3]},"meta":{"lastBranch":9,"lastFunction":4,"lastStatement":32,"seen":{"s:3:20:3:Infinity":0,"s:6:34:12:Infinity":1,"s:15:25:15:Infinity":2,"f:21:2:21:25":0,"s:22:4:37:Infinity":3,"s:23:21:23:54":4,"b:24:6:25:Infinity:undefined:undefined:undefined:undefined":0,"s:24:6:25:Infinity":5,"s:25:8:25:Infinity":6,"s:28:21:28:39":7,"s:31:6:34:Infinity":8,"s:36:6:36:Infinity":9,"s:37:6:37:Infinity":10,"f:44:2:44:15":1,"s:45:4:77:Infinity":11,"s:46:22:46:38":12,"b:49:6:51:Infinity:undefined:undefined:undefined:undefined":1,"s:49:6:51:Infinity":13,"b:50:8:51:Infinity:undefined:undefined:undefined:undefined":2,"s:50:8:51:Infinity":14,"s:51:10:51:Infinity":15,"b:56:6:58:Infinity:undefined:undefined:undefined:undefined":3,"s:56:6:58:Infinity":16,"b:57:8:58:Infinity:undefined:undefined:undefined:undefined":4,"s:57:8:58:Infinity":17,"b:57:12:57:43:57:43:57:73":5,"s:58:10:58:Infinity":18,"b:63:6:65:Infinity:undefined:undefined:undefined:undefined":6,"s:63:6:65:Infinity":19,"b:64:8:65:Infinity:undefined:undefined:undefined:undefined":7,"s:64:8:65:Infinity":20,"b:64:12:64:47:64:47:64:82":8,"s:65:10:65:Infinity":21,"s:69:22:72:Infinity":22,"s:74:6:74:Infinity":23,"s:76:6:76:Infinity":24,"s:77:6:77:Infinity":25,"f:84:2:84:20":2,"s:85:4:85:Infinity":26,"f:91:2:91:26":3,"s:92:4:96:Infinity":27,"s:93:6:93:Infinity":28,"s:95:6:95:Infinity":29,"s:96:6:96:Infinity":30,"s:102:29:102:48":31}}}
,"/Users/vikgamov/projects/ai/robocoders-jfokus-2026-kiro/src/utils/colorUtils.ts": {"path":"/Users/vikgamov/projects/ai/robocoders-jfokus-2026-kiro/src/utils/colorUtils.ts","statementMap":{"0":{"start":{"line":15,"column":16},"end":{"line":15,"column":null}},"1":{"start":{"line":16,"column":16},"end":{"line":16,"column":null}},"2":{"start":{"line":17,"column":16},"end":{"line":17,"column":null}},"3":{"start":{"line":19,"column":2},"end":{"line":19,"column":null}},"4":{"start":{"line":38,"column":16},"end":{"line":38,"column":53}},"5":{"start":{"line":39,"column":16},"end":{"line":39,"column":57}},"6":{"start":{"line":40,"column":16},"end":{"line":40,"column":55}},"7":{"start":{"line":42,"column":2},"end":{"line":42,"column":null}}},"fnMap":{"0":{"name":"colorDistance","decl":{"start":{"line":14,"column":16},"end":{"line":14,"column":30}},"loc":{"start":{"line":14,"column":64},"end":{"line":19,"column":null}},"line":14},"1":{"name":"hasSignificantChange","decl":{"start":{"line":33,"column":16},"end":{"line":33,"column":null}},"loc":{"start":{"line":37,"column":11},"end":{"line":42,"column":null}},"line":37}},"branchMap":{"0":{"loc":{"start":{"line":36,"column":2},"end":{"line":36,"column":null}},"type":"default-arg","locations":[{"start":{"line":36,"column":22},"end":{"line":36,"column":null}}],"line":36},"1":{"loc":{"start":{"line":42,"column":9},"end":{"line":42,"column":null}},"type":"binary-expr","locations":[{"start":{"line":42,"column":9},"end":{"line":42,"column":30}},{"start":{"line":42,"column":30},"end":{"line":42,"column":51}},{"start":{"line":42,"column":51},"end":{"line":42,"column":null}}],"line":42}},"s":{"0":9,"1":9,"2":9,"3":9,"4":18,"5":18,"6":18,"7":18},"f":{"0":9,"1":18},"b":{"0":[18],"1":[18,10,9]},"meta":{"lastBranch":2,"lastFunction":2,"lastStatement":8,"seen":{"f:14:16:14:30":0,"s:15:16:15:Infinity":0,"s:16:16:16:Infinity":1,"s:17:16:17:Infinity":2,"s:19:2:19:Infinity":3,"f:33:16:33:Infinity":1,"b:36:22:36:Infinity":0,"s:38:16:38:53":4,"s:39:16:39:57":5,"s:40:16:40:55":6,"s:42:2:42:Infinity":7,"b:42:9:42:30:42:30:42:51:42:51:42:Infinity":1}}}
,"/Users/vikgamov/projects/ai/robocoders-jfokus-2026-kiro/src/utils/errorUtils.ts": {"path":"/Users/vikgamov/projects/ai/robocoders-jfokus-2026-kiro/src/utils/errorUtils.ts","statementMap":{"0":{"start":{"line":7,"column":59},"end":{"line":12,"column":null}},"1":{"start":{"line":18,"column":59},"end":{"line":23,"column":null}},"2":{"start":{"line":33,"column":2},"end":{"line":33,"column":null}},"3":{"start":{"line":44,"column":2},"end":{"line":44,"column":null}},"4":{"start":{"line":55,"column":2},"end":{"line":55,"column":null}}},"fnMap":{"0":{"name":"formatWebcamError","decl":{"start":{"line":32,"column":16},"end":{"line":32,"column":34}},"loc":{"start":{"line":32,"column":62},"end":{"line":33,"column":null}},"line":32},"1":{"name":"formatShellyError","decl":{"start":{"line":43,"column":16},"end":{"line":43,"column":34}},"loc":{"start":{"line":43,"column":62},"end":{"line":44,"column":null}},"line":43},"2":{"name":"logError","decl":{"start":{"line":54,"column":16},"end":{"line":54,"column":25}},"loc":{"start":{"line":54,"column":64},"end":{"line":55,"column":null}},"line":54}},"branchMap":{},"s":{"0":2,"1":2,"2":26,"3":19,"4":34},"f":{"0":26,"1":19,"2":34},"b":{},"meta":{"lastBranch":0,"lastFunction":3,"lastStatement":5,"seen":{"s:7:59:12:Infinity":0,"s:18:59:23:Infinity":1,"f:32:16:32:34":0,"s:33:2:33:Infinity":2,"f:43:16:43:34":1,"s:44:2:44:Infinity":3,"f:54:16:54:25":2,"s:55:2:55:Infinity":4}}}
}
